This is pdfTeX, Version 3.141592653-2.6-1.40.24 (TeX Live 2022) (preloaded format=pdflatex 2023.2.4)  4 FEB 2023 16:06
entering extended mode
 restricted \write18 enabled.
 %&-line parsing enabled.
**Bachelorarbeit.tex
(./Bachelorarbeit.tex
LaTeX2e <2021-11-15> patch level 1
L3 programming layer <2022-02-24>
(/usr/local/texlive/2022/texmf-dist/tex/latex/base/report.cls
Document Class: report 2021/10/04 v1.4n Standard LaTeX document class
(/usr/local/texlive/2022/texmf-dist/tex/latex/base/size10.clo
File: size10.clo 2021/10/04 v1.4n Standard LaTeX file (size option)
)
\c@part=\count185
\c@chapter=\count186
\c@section=\count187
\c@subsection=\count188
\c@subsubsection=\count189
\c@paragraph=\count190
\c@subparagraph=\count191
\c@figure=\count192
\c@table=\count193
\abovecaptionskip=\skip47
\belowcaptionskip=\skip48
\bibindent=\dimen138
)
(/usr/local/texlive/2022/texmf-dist/tex/generic/babel/babel.sty
Package: babel 2022/02/26 3.73 The Babel package
\babel@savecnt=\count194
\U@D=\dimen139
\l@unhyphenated=\language87

(/usr/local/texlive/2022/texmf-dist/tex/generic/babel/txtbabel.def)
\bbl@readstream=\read2
\bbl@dirlevel=\count195

(/usr/local/texlive/2022/texmf-dist/tex/generic/babel-german/ngerman.ldf
Language: ngerman 2021/02/27 v2.13 German support for babel (post-1996 orthogra
phy)

(/usr/local/texlive/2022/texmf-dist/tex/generic/babel-german/ngermanb.ldf
Language: ngermanb 2021/02/27 v2.13 German support for babel (post-1996 orthogr
aphy)
Package babel Info: Making " an active character on input line 122.
)))
(/usr/local/texlive/2022/texmf-dist/tex/latex/base/fontenc.sty
Package: fontenc 2021/04/29 v2.0v Standard LaTeX package
)
(/usr/local/texlive/2022/texmf-dist/tex/latex/base/inputenc.sty
Package: inputenc 2021/02/14 v1.3d Input encoding file
\inpenc@prehook=\toks16
\inpenc@posthook=\toks17

(/usr/local/texlive/2022/texmf-dist/tex/latex/base/ansinew.def
File: ansinew.def 2021/02/14 v1.3d Input encoding file
))
(/usr/local/texlive/2022/texmf-dist/tex/latex/natbib/natbib.sty
Package: natbib 2010/09/13 8.31b (PWD, AO)
\bibhang=\skip49
\bibsep=\skip50
LaTeX Info: Redefining \cite on input line 694.
\c@NAT@ctr=\count196
)
(/usr/local/texlive/2022/texmf-dist/tex/latex/lm/lmodern.sty
Package: lmodern 2015/05/01 v1.6.1 Latin Modern Fonts
LaTeX Font Info:    Overwriting symbol font `operators' in version `normal'
(Font)                  OT1/cmr/m/n --> OT1/lmr/m/n on input line 22.
LaTeX Font Info:    Overwriting symbol font `letters' in version `normal'
(Font)                  OML/cmm/m/it --> OML/lmm/m/it on input line 23.
LaTeX Font Info:    Overwriting symbol font `symbols' in version `normal'
(Font)                  OMS/cmsy/m/n --> OMS/lmsy/m/n on input line 24.
LaTeX Font Info:    Overwriting symbol font `largesymbols' in version `normal'
(Font)                  OMX/cmex/m/n --> OMX/lmex/m/n on input line 25.
LaTeX Font Info:    Overwriting symbol font `operators' in version `bold'
(Font)                  OT1/cmr/bx/n --> OT1/lmr/bx/n on input line 26.
LaTeX Font Info:    Overwriting symbol font `letters' in version `bold'
(Font)                  OML/cmm/b/it --> OML/lmm/b/it on input line 27.
LaTeX Font Info:    Overwriting symbol font `symbols' in version `bold'
(Font)                  OMS/cmsy/b/n --> OMS/lmsy/b/n on input line 28.
LaTeX Font Info:    Overwriting symbol font `largesymbols' in version `bold'
(Font)                  OMX/cmex/m/n --> OMX/lmex/m/n on input line 29.
LaTeX Font Info:    Overwriting math alphabet `\mathbf' in version `normal'
(Font)                  OT1/cmr/bx/n --> OT1/lmr/bx/n on input line 31.
LaTeX Font Info:    Overwriting math alphabet `\mathsf' in version `normal'
(Font)                  OT1/cmss/m/n --> OT1/lmss/m/n on input line 32.
LaTeX Font Info:    Overwriting math alphabet `\mathit' in version `normal'
(Font)                  OT1/cmr/m/it --> OT1/lmr/m/it on input line 33.
LaTeX Font Info:    Overwriting math alphabet `\mathtt' in version `normal'
(Font)                  OT1/cmtt/m/n --> OT1/lmtt/m/n on input line 34.
LaTeX Font Info:    Overwriting math alphabet `\mathbf' in version `bold'
(Font)                  OT1/cmr/bx/n --> OT1/lmr/bx/n on input line 35.
LaTeX Font Info:    Overwriting math alphabet `\mathsf' in version `bold'
(Font)                  OT1/cmss/bx/n --> OT1/lmss/bx/n on input line 36.
LaTeX Font Info:    Overwriting math alphabet `\mathit' in version `bold'
(Font)                  OT1/cmr/bx/it --> OT1/lmr/bx/it on input line 37.
LaTeX Font Info:    Overwriting math alphabet `\mathtt' in version `bold'
(Font)                  OT1/cmtt/m/n --> OT1/lmtt/m/n on input line 38.
)
(/usr/local/texlive/2022/texmf-dist/tex/latex/graphics/color.sty
Package: color 2021/12/07 v1.3c Standard LaTeX Color (DPC)

(/usr/local/texlive/2022/texmf-dist/tex/latex/graphics-cfg/color.cfg
File: color.cfg 2016/01/02 v1.6 sample color configuration
)
Package color Info: Driver file: pdftex.def on input line 149.

(/usr/local/texlive/2022/texmf-dist/tex/latex/graphics-def/pdftex.def
File: pdftex.def 2020/10/05 v1.2a Graphics/color driver for pdftex
))
(/usr/local/texlive/2022/texmf-dist/tex/generic/soul/soul.sty
Package: soul 2003/11/17 v2.4 letterspacing/underlining (mf)
\SOUL@word=\toks18
\SOUL@lasttoken=\toks19
\SOUL@cmds=\toks20
\SOUL@buffer=\toks21
\SOUL@token=\toks22
\SOUL@spaceskip=\skip51
\SOUL@ttwidth=\dimen140
\SOUL@uldp=\dimen141
\SOUL@ulht=\dimen142
)
(/usr/local/texlive/2022/texmf-dist/tex/latex/acronym/acronym.sty
Package: acronym 2020/04/17 v1.47 Support for acronyms (Tobias Oetiker)

(/usr/local/texlive/2022/texmf-dist/tex/latex/bigfoot/suffix.sty
Package: suffix 2006/07/15 1.5a Variant command support
)
(/usr/local/texlive/2022/texmf-dist/tex/generic/xstring/xstring.sty
(/usr/local/texlive/2022/texmf-dist/tex/generic/xstring/xstring.tex
\integerpart=\count197
\decimalpart=\count198
)
Package: xstring 2021/07/21 v1.84 String manipulations (CT)
)
\AC@clearlist=\toks23
)
(/usr/local/texlive/2022/texmf-dist/tex/latex/appendix/appendix.sty
Package: appendix 2020/02/08 v1.2c extra appendix facilities
\c@@pps=\count199
\c@@ppsavesec=\count266
\c@@ppsaveapp=\count267
)
(/usr/local/texlive/2022/texmf-dist/tex/latex/pdfpages/pdfpages.sty
Package: pdfpages 2022/01/29 v0.5u Insert pages of external PDF documents (AM)

(/usr/local/texlive/2022/texmf-dist/tex/latex/base/ifthen.sty
Package: ifthen 2020/11/24 v1.1c Standard LaTeX ifthen package (DPC)
)
(/usr/local/texlive/2022/texmf-dist/tex/latex/tools/calc.sty
Package: calc 2017/05/25 v4.3 Infix arithmetic (KKT,FJ)
\calc@Acount=\count268
\calc@Bcount=\count269
\calc@Adimen=\dimen143
\calc@Bdimen=\dimen144
\calc@Askip=\skip52
\calc@Bskip=\skip53
LaTeX Info: Redefining \setlength on input line 80.
LaTeX Info: Redefining \addtolength on input line 81.
\calc@Ccount=\count270
\calc@Cskip=\skip54
)
(/usr/local/texlive/2022/texmf-dist/tex/latex/eso-pic/eso-pic.sty
Package: eso-pic 2020/10/14 v3.0a eso-pic (RN)
\ESO@tempdima=\dimen145
\ESO@tempdimb=\dimen146

(/usr/local/texlive/2022/texmf-dist/tex/latex/graphics/keyval.sty
Package: keyval 2014/10/28 v1.15 key=value parser (DPC)
\KV@toks@=\toks24
))
(/usr/local/texlive/2022/texmf-dist/tex/latex/graphics/graphicx.sty
Package: graphicx 2021/09/16 v1.2d Enhanced LaTeX Graphics (DPC,SPQR)

(/usr/local/texlive/2022/texmf-dist/tex/latex/graphics/graphics.sty
Package: graphics 2021/03/04 v1.4d Standard LaTeX Graphics (DPC,SPQR)

(/usr/local/texlive/2022/texmf-dist/tex/latex/graphics/trig.sty
Package: trig 2021/08/11 v1.11 sin cos tan (DPC)
)
(/usr/local/texlive/2022/texmf-dist/tex/latex/graphics-cfg/graphics.cfg
File: graphics.cfg 2016/06/04 v1.11 sample graphics configuration
)
Package graphics Info: Driver file: pdftex.def on input line 107.
)
\Gin@req@height=\dimen147
\Gin@req@width=\dimen148
)
\AM@pagewidth=\dimen149
\AM@pageheight=\dimen150
\AM@fboxrule=\dimen151

(/usr/local/texlive/2022/texmf-dist/tex/latex/pdfpages/pppdftex.def
File: pppdftex.def 2022/01/29 v0.5u Pdfpages driver for pdfTeX (AM)
)
\pdfpages@includegraphics@status=\count271
\AM@pagebox=\box50
\AM@global@opts=\toks25
\AM@pagecnt=\count272
\AM@toc@title=\toks26
\c@AM@survey=\count273
\AM@templatesizebox=\box51
)
(/usr/local/texlive/2022/texmf-dist/tex/latex/caption/subcaption.sty
Package: subcaption 2022/01/07 v1.5 Sub-captions (AR)

(/usr/local/texlive/2022/texmf-dist/tex/latex/caption/caption.sty
Package: caption 2022/03/01 v3.6b Customizing captions (AR)

(/usr/local/texlive/2022/texmf-dist/tex/latex/caption/caption3.sty
Package: caption3 2022/03/17 v2.3b caption3 kernel (AR)
\caption@tempdima=\dimen152
\captionmargin=\dimen153
\caption@leftmargin=\dimen154
\caption@rightmargin=\dimen155
\caption@width=\dimen156
\caption@indent=\dimen157
\caption@parindent=\dimen158
\caption@hangindent=\dimen159
Package caption Info: Standard document class detected.
)
\c@caption@flags=\count274
\c@continuedfloat=\count275
)
\c@subfigure=\count276
\c@subtable=\count277
)
(/usr/local/texlive/2022/texmf-dist/tex/latex/graphics/rotating.sty
Package: rotating 2016/08/11 v2.16d rotated objects in LaTeX
\c@r@tfl@t=\count278
\rotFPtop=\skip55
\rotFPbot=\skip56
\rot@float@box=\box52
\rot@mess@toks=\toks27
)
(/usr/local/texlive/2022/texmf-dist/tex/latex/colortbl/colortbl.sty
Package: colortbl 2020/01/04 v1.0e Color table columns (DPC)

(/usr/local/texlive/2022/texmf-dist/tex/latex/tools/array.sty
Package: array 2021/10/04 v2.5f Tabular extension package (FMi)
\col@sep=\dimen160
\ar@mcellbox=\box53
\extrarowheight=\dimen161
\NC@list=\toks28
\extratabsurround=\skip57
\backup@length=\skip58
\ar@cellbox=\box54
)
\everycr=\toks29
\minrowclearance=\skip59
)
(/usr/local/texlive/2022/texmf-dist/tex/latex/fancyvrb/fancyvrb.sty
Package: fancyvrb 2021/12/21 4.1b verbatim text (tvz,hv)
\FV@CodeLineNo=\count279
\FV@InFile=\read3
\FV@TabBox=\box55
\c@FancyVerbLine=\count280
\FV@StepNumber=\count281
\FV@OutFile=\write3
)
(/usr/local/texlive/2022/texmf-dist/tex/latex/url/url.sty
\Urlmuskip=\muskip16
Package: url 2013/09/16  ver 3.4  Verb mode for urls, etc.
)
(/usr/local/texlive/2022/texmf-dist/tex/latex/hyperref/hyperref.sty
Package: hyperref 2022-02-21 v7.00n Hypertext links for LaTeX

(/usr/local/texlive/2022/texmf-dist/tex/generic/ltxcmds/ltxcmds.sty
Package: ltxcmds 2020-05-10 v1.25 LaTeX kernel commands for general use (HO)
)
(/usr/local/texlive/2022/texmf-dist/tex/generic/iftex/iftex.sty
Package: iftex 2022/02/03 v1.0f TeX engine tests
)
(/usr/local/texlive/2022/texmf-dist/tex/generic/pdftexcmds/pdftexcmds.sty
Package: pdftexcmds 2020-06-27 v0.33 Utility functions of pdfTeX for LuaTeX (HO
)

(/usr/local/texlive/2022/texmf-dist/tex/generic/infwarerr/infwarerr.sty
Package: infwarerr 2019/12/03 v1.5 Providing info/warning/error messages (HO)
)
Package pdftexcmds Info: \pdf@primitive is available.
Package pdftexcmds Info: \pdf@ifprimitive is available.
Package pdftexcmds Info: \pdfdraftmode found.
)
(/usr/local/texlive/2022/texmf-dist/tex/generic/kvsetkeys/kvsetkeys.sty
Package: kvsetkeys 2019/12/15 v1.18 Key value parser (HO)
)
(/usr/local/texlive/2022/texmf-dist/tex/generic/kvdefinekeys/kvdefinekeys.sty
Package: kvdefinekeys 2019-12-19 v1.6 Define keys (HO)
)
(/usr/local/texlive/2022/texmf-dist/tex/generic/pdfescape/pdfescape.sty
Package: pdfescape 2019/12/09 v1.15 Implements pdfTeX's escape features (HO)
)
(/usr/local/texlive/2022/texmf-dist/tex/latex/hycolor/hycolor.sty
Package: hycolor 2020-01-27 v1.10 Color options for hyperref/bookmark (HO)
)
(/usr/local/texlive/2022/texmf-dist/tex/latex/letltxmacro/letltxmacro.sty
Package: letltxmacro 2019/12/03 v1.6 Let assignment for LaTeX macros (HO)
)
(/usr/local/texlive/2022/texmf-dist/tex/latex/auxhook/auxhook.sty
Package: auxhook 2019-12-17 v1.6 Hooks for auxiliary files (HO)
)
(/usr/local/texlive/2022/texmf-dist/tex/latex/kvoptions/kvoptions.sty
Package: kvoptions 2020-10-07 v3.14 Key value format for package options (HO)
)
\@linkdim=\dimen162
\Hy@linkcounter=\count282
\Hy@pagecounter=\count283

(/usr/local/texlive/2022/texmf-dist/tex/latex/hyperref/pd1enc.def
File: pd1enc.def 2022-02-21 v7.00n Hyperref: PDFDocEncoding definition (HO)
Now handling font encoding PD1 ...
... no UTF-8 mapping file for font encoding PD1
)
(/usr/local/texlive/2022/texmf-dist/tex/generic/intcalc/intcalc.sty
Package: intcalc 2019/12/15 v1.3 Expandable calculations with integers (HO)
)
(/usr/local/texlive/2022/texmf-dist/tex/generic/etexcmds/etexcmds.sty
Package: etexcmds 2019/12/15 v1.7 Avoid name clashes with e-TeX commands (HO)
)
\Hy@SavedSpaceFactor=\count284

(/usr/local/texlive/2022/texmf-dist/tex/latex/hyperref/puenc.def
File: puenc.def 2022-02-21 v7.00n Hyperref: PDF Unicode definition (HO)
Now handling font encoding PU ...
... no UTF-8 mapping file for font encoding PU
)
Package hyperref Info: Hyper figures OFF on input line 4137.
Package hyperref Info: Link nesting OFF on input line 4142.
Package hyperref Info: Hyper index ON on input line 4145.
Package hyperref Info: Plain pages OFF on input line 4152.
Package hyperref Info: Backreferencing OFF on input line 4157.
Package hyperref Info: Implicit mode ON; LaTeX internals redefined.
Package hyperref Info: Bookmarks ON on input line 4390.
\c@Hy@tempcnt=\count285
LaTeX Info: Redefining \url on input line 4749.
\XeTeXLinkMargin=\dimen163

(/usr/local/texlive/2022/texmf-dist/tex/generic/bitset/bitset.sty
Package: bitset 2019/12/09 v1.3 Handle bit-vector datatype (HO)

(/usr/local/texlive/2022/texmf-dist/tex/generic/bigintcalc/bigintcalc.sty
Package: bigintcalc 2019/12/15 v1.5 Expandable calculations on big integers (HO
)
))
\Fld@menulength=\count286
\Field@Width=\dimen164
\Fld@charsize=\dimen165
Package hyperref Info: Hyper figures OFF on input line 6027.
Package hyperref Info: Link nesting OFF on input line 6032.
Package hyperref Info: Hyper index ON on input line 6035.
Package hyperref Info: backreferencing OFF on input line 6042.
Package hyperref Info: Link coloring OFF on input line 6047.
Package hyperref Info: Link coloring with OCG OFF on input line 6052.
Package hyperref Info: PDF/A mode OFF on input line 6057.
LaTeX Info: Redefining \ref on input line 6097.
LaTeX Info: Redefining \pageref on input line 6101.

(/usr/local/texlive/2022/texmf-dist/tex/latex/base/atbegshi-ltx.sty
Package: atbegshi-ltx 2021/01/10 v1.0c Emulation of the original atbegshi
package with kernel methods
)
\Hy@abspage=\count287
\c@Item=\count288
\c@Hfootnote=\count289
)
Package hyperref Info: Driver (autodetected): hpdftex.

(/usr/local/texlive/2022/texmf-dist/tex/latex/hyperref/hpdftex.def
File: hpdftex.def 2022-02-21 v7.00n Hyperref driver for pdfTeX

(/usr/local/texlive/2022/texmf-dist/tex/latex/base/atveryend-ltx.sty
Package: atveryend-ltx 2020/08/19 v1.0a Emulation of the original atveryend pac
kage
with kernel methods
)
\Fld@listcount=\count290
\c@bookmark@seq@number=\count291

(/usr/local/texlive/2022/texmf-dist/tex/latex/rerunfilecheck/rerunfilecheck.sty
Package: rerunfilecheck 2019/12/05 v1.9 Rerun checks for auxiliary files (HO)

(/usr/local/texlive/2022/texmf-dist/tex/generic/uniquecounter/uniquecounter.sty
Package: uniquecounter 2019/12/15 v1.4 Provide unlimited unique counter (HO)
)
Package uniquecounter Info: New unique counter `rerunfilecheck' on input line 2
86.
)
\Hy@SectionHShift=\skip60
)
Package hyperref Info: Option `breaklinks' set `true' on input line 31.
 (/usr/local/texlive/2022/texmf-dist/tex/latex/amsmath/amsmath.sty
Package: amsmath 2021/10/15 v2.17l AMS math features
\@mathmargin=\skip61

For additional information on amsmath, use the `?' option.
(/usr/local/texlive/2022/texmf-dist/tex/latex/amsmath/amstext.sty
Package: amstext 2021/08/26 v2.01 AMS text

(/usr/local/texlive/2022/texmf-dist/tex/latex/amsmath/amsgen.sty
File: amsgen.sty 1999/11/30 v2.0 generic functions
\@emptytoks=\toks30
\ex@=\dimen166
))
(/usr/local/texlive/2022/texmf-dist/tex/latex/amsmath/amsbsy.sty
Package: amsbsy 1999/11/29 v1.2d Bold Symbols
\pmbraise@=\dimen167
)
(/usr/local/texlive/2022/texmf-dist/tex/latex/amsmath/amsopn.sty
Package: amsopn 2021/08/26 v2.02 operator names
)
\inf@bad=\count292
LaTeX Info: Redefining \frac on input line 234.
\uproot@=\count293
\leftroot@=\count294
LaTeX Info: Redefining \overline on input line 399.
\classnum@=\count295
\DOTSCASE@=\count296
LaTeX Info: Redefining \ldots on input line 496.
LaTeX Info: Redefining \dots on input line 499.
LaTeX Info: Redefining \cdots on input line 620.
\Mathstrutbox@=\box56
\strutbox@=\box57
\big@size=\dimen168
LaTeX Font Info:    Redeclaring font encoding OML on input line 743.
LaTeX Font Info:    Redeclaring font encoding OMS on input line 744.
\macc@depth=\count297
\c@MaxMatrixCols=\count298
\dotsspace@=\muskip17
\c@parentequation=\count299
\dspbrk@lvl=\count300
\tag@help=\toks31
\row@=\count301
\column@=\count302
\maxfields@=\count303
\andhelp@=\toks32
\eqnshift@=\dimen169
\alignsep@=\dimen170
\tagshift@=\dimen171
\tagwidth@=\dimen172
\totwidth@=\dimen173
\lineht@=\dimen174
\@envbody=\toks33
\multlinegap=\skip62
\multlinetaggap=\skip63
\mathdisplay@stack=\toks34
LaTeX Info: Redefining \[ on input line 2938.
LaTeX Info: Redefining \] on input line 2939.
)
(/usr/local/texlive/2022/texmf-dist/tex/latex/amscls/amsthm.sty
Package: amsthm 2020/05/29 v2.20.6
\thm@style=\toks35
\thm@bodyfont=\toks36
\thm@headfont=\toks37
\thm@notefont=\toks38
\thm@headpunct=\toks39
\thm@preskip=\skip64
\thm@postskip=\skip65
\thm@headsep=\skip66
\dth@everypar=\toks40
)
(/usr/local/texlive/2022/texmf-dist/tex/latex/amsfonts/amsfonts.sty
Package: amsfonts 2013/01/14 v3.01 Basic AMSFonts support
\symAMSa=\mathgroup4
\symAMSb=\mathgroup5
LaTeX Font Info:    Redeclaring math symbol \hbar on input line 98.
LaTeX Font Info:    Overwriting math alphabet `\mathfrak' in version `bold'
(Font)                  U/euf/m/n --> U/euf/b/n on input line 106.
)
(/usr/local/texlive/2022/texmf-dist/tex/latex/setspace/setspace.sty
Package: setspace 2011/12/19 v6.7a set line spacing
)
LaTeX Font Info:    Trying to load font information for T1+lmr on input line 11
2.

(/usr/local/texlive/2022/texmf-dist/tex/latex/lm/t1lmr.fd
File: t1lmr.fd 2015/05/01 v1.6.1 Font defs for Latin Modern
)
(/usr/local/texlive/2022/texmf-dist/tex/latex/l3backend/l3backend-pdftex.def
File: l3backend-pdftex.def 2022-02-07 L3 backend support: PDF output (pdfTeX)
\l__color_backend_stack_int=\count304
\l__pdf_internal_box=\box58
)
(./Bachelorarbeit.aux)
\openout1 = `Bachelorarbeit.aux'.

LaTeX Font Info:    Checking defaults for OML/cmm/m/it on input line 112.
LaTeX Font Info:    ... okay on input line 112.
LaTeX Font Info:    Checking defaults for OMS/cmsy/m/n on input line 112.
LaTeX Font Info:    ... okay on input line 112.
LaTeX Font Info:    Checking defaults for OT1/cmr/m/n on input line 112.
LaTeX Font Info:    ... okay on input line 112.
LaTeX Font Info:    Checking defaults for T1/cmr/m/n on input line 112.
LaTeX Font Info:    ... okay on input line 112.
LaTeX Font Info:    Checking defaults for TS1/cmr/m/n on input line 112.
LaTeX Font Info:    ... okay on input line 112.
LaTeX Font Info:    Checking defaults for OMX/cmex/m/n on input line 112.
LaTeX Font Info:    ... okay on input line 112.
LaTeX Font Info:    Checking defaults for U/cmr/m/n on input line 112.
LaTeX Font Info:    ... okay on input line 112.
LaTeX Font Info:    Checking defaults for PD1/pdf/m/n on input line 112.
LaTeX Font Info:    ... okay on input line 112.
LaTeX Font Info:    Checking defaults for PU/pdf/m/n on input line 112.
LaTeX Font Info:    ... okay on input line 112.

(/usr/local/texlive/2022/texmf-dist/tex/context/base/mkii/supp-pdf.mkii
[Loading MPS to PDF converter (version 2006.09.02).]
\scratchcounter=\count305
\scratchdimen=\dimen175
\scratchbox=\box59
\nofMPsegments=\count306
\nofMParguments=\count307
\everyMPshowfont=\toks41
\MPscratchCnt=\count308
\MPscratchDim=\dimen176
\MPnumerator=\count309
\makeMPintoPDFobject=\count310
\everyMPtoPDFconversion=\toks42
) (/usr/local/texlive/2022/texmf-dist/tex/latex/epstopdf-pkg/epstopdf-base.sty
Package: epstopdf-base 2020-01-24 v2.11 Base part for package epstopdf
Package epstopdf-base Info: Redefining graphics rule for `.eps' on input line 4
85.

(/usr/local/texlive/2022/texmf-dist/tex/latex/latexconfig/epstopdf-sys.cfg
File: epstopdf-sys.cfg 2010/07/13 v1.3 Configuration of (r)epstopdf for TeX Liv
e
))
(/usr/local/texlive/2022/texmf-dist/tex/latex/pdflscape/pdflscape.sty
Package: pdflscape 2019/12/05 v0.12 Display of landscape pages in PDF (HO)

(/usr/local/texlive/2022/texmf-dist/tex/latex/graphics/lscape.sty
Package: lscape 2020/05/28 v3.02 Landscape Pages (DPC)
)
Package pdflscape Info: Auto-detected driver: pdftex on input line 81.
)
Package caption Info: Begin \AtBeginDocument code.
Package caption Info: hyperref package is loaded.
Package caption Info: rotating package is loaded.
Package caption Info: End \AtBeginDocument code.
Package hyperref Info: Link coloring OFF on input line 112.

(/usr/local/texlive/2022/texmf-dist/tex/latex/hyperref/nameref.sty
Package: nameref 2021-04-02 v2.47 Cross-referencing by name of section

(/usr/local/texlive/2022/texmf-dist/tex/latex/refcount/refcount.sty
Package: refcount 2019/12/15 v3.6 Data extraction from label references (HO)
)
(/usr/local/texlive/2022/texmf-dist/tex/generic/gettitlestring/gettitlestring.s
ty
Package: gettitlestring 2019/12/15 v1.6 Cleanup title references (HO)
)
\c@section@level=\count311
)
LaTeX Info: Redefining \ref on input line 112.
LaTeX Info: Redefining \pageref on input line 112.
LaTeX Info: Redefining \nameref on input line 112.
 (./Bachelorarbeit.out) (./Bachelorarbeit.out)
\@outlinefile=\write4
\openout4 = `Bachelorarbeit.out'.

 (./titelseite.tex

LaTeX Warning: File `uzh_logo_d_pos.pdf' not found on input line 41.


! Package pdftex.def Error: File `uzh_logo_d_pos.pdf' not found: using draft se
tting.

See the pdftex.def package documentation for explanation.
Type  H <return>  for immediate help.
 ...                                              
                                                  
l.41 ...matics and Sustainability Research Group}}
                                                  \\
? 
LaTeX Font Info:    Trying to load font information for T1+lmtt on input line 4
1.
(/usr/local/texlive/2022/texmf-dist/tex/latex/lm/t1lmtt.fd
File: t1lmtt.fd 2015/05/01 v1.6.1 Font defs for Latin Modern
)
Underfull \vbox (badness 10000) has occurred while \output is active []

 [1

{/usr/local/texlive/2022/texmf-var/fonts/map/pdftex/updmap/pdftex.map}] [2])
No file Bachelorarbeit.toc.
\tf@toc=\write5
\openout5 = `Bachelorarbeit.toc'.

[3


] [4

]
Kapitel 1.
Package acronym Info: Label `acro:RMS' newly defined as it shall be overridden
although it is yet undefined on input line 163.

Package acronym Warning: Acronym `RMS' is not defined on input line 163.


Package acronym Warning: Acronym `RMS' is not defined on input line 163.


Package acronym Warning: Acronym `RMS' is not defined on input line 164.


Package acronym Warning: Acronym `RMS' is not defined on input line 164.


Package acronym Warning: Acronym `RMS' is not defined on input line 164.


Package acronym Warning: Acronym `RMS' is not defined on input line 168.


Package acronym Warning: Acronym `RMS' is not defined on input line 168.


Package acronym Warning: Acronym `RMS' is not defined on input line 168.


Underfull \vbox (badness 10000) has occurred while \output is active []

 [5

]

Package acronym Warning: Acronym `RMS' is not defined on input line 170.


Package acronym Warning: Acronym `RMS' is not defined on input line 170.

Package acronym Info: Label `acro:LCA' newly defined as it shall be overridden
although it is yet undefined on input line 172.

Package acronym Warning: Acronym `LCA' is not defined on input line 172.


Package acronym Warning: Acronym `LCA' is not defined on input line 172.

[6]
Kapitel 2.
Package acronym Info: Label `acro:RMS' overridden on input line 178.

Package acronym Warning: Acronym `RMS' is not defined on input line 178.


Package acronym Warning: Acronym `RMS' is not defined on input line 178.


Package acronym Warning: Acronym `RMS' is not defined on input line 178.


Package acronym Warning: Acronym `RMS' is not defined on input line 178.

Package acronym Info: Label `acro:LCA' overridden on input line 178.

Package acronym Warning: Acronym `LCA' is not defined on input line 178.


Package acronym Warning: Acronym `LCA' is not defined on input line 178.


Package acronym Warning: Acronym `RMS' is not defined on input line 182.


Package acronym Warning: Acronym `RMS' is not defined on input line 182.


LaTeX Warning: Reference `modell' on page 7 undefined on input line 182.


Package acronym Warning: Acronym `RMS' is not defined on input line 182.


Package acronym Warning: Acronym `RMS' is not defined on input line 182.


Package acronym Warning: Acronym `RMS' is not defined on input line 183.

[7

]
LaTeX Font Info:    Trying to load font information for OT1+lmr on input line 1
85.
 (/usr/local/texlive/2022/texmf-dist/tex/latex/lm/ot1lmr.fd
File: ot1lmr.fd 2015/05/01 v1.6.1 Font defs for Latin Modern
)
LaTeX Font Info:    Trying to load font information for OML+lmm on input line 1
85.

(/usr/local/texlive/2022/texmf-dist/tex/latex/lm/omllmm.fd
File: omllmm.fd 2015/05/01 v1.6.1 Font defs for Latin Modern
)
LaTeX Font Info:    Trying to load font information for OMS+lmsy on input line 
185.

(/usr/local/texlive/2022/texmf-dist/tex/latex/lm/omslmsy.fd
File: omslmsy.fd 2015/05/01 v1.6.1 Font defs for Latin Modern
)
LaTeX Font Info:    Trying to load font information for OMX+lmex on input line 
185.

(/usr/local/texlive/2022/texmf-dist/tex/latex/lm/omxlmex.fd
File: omxlmex.fd 2015/05/01 v1.6.1 Font defs for Latin Modern
)
LaTeX Font Info:    External font `lmex10' loaded for size
(Font)              <10> on input line 185.
LaTeX Font Info:    External font `lmex10' loaded for size
(Font)              <7> on input line 185.
LaTeX Font Info:    External font `lmex10' loaded for size
(Font)              <5> on input line 185.
LaTeX Font Info:    Trying to load font information for U+msa on input line 185
.

(/usr/local/texlive/2022/texmf-dist/tex/latex/amsfonts/umsa.fd
File: umsa.fd 2013/01/14 v3.01 AMS symbols A
)
LaTeX Font Info:    Trying to load font information for U+msb on input line 185
.

(/usr/local/texlive/2022/texmf-dist/tex/latex/amsfonts/umsb.fd
File: umsb.fd 2013/01/14 v3.01 AMS symbols B
)
LaTeX Font Info:    External font `lmex10' loaded for size
(Font)              <8> on input line 185.
LaTeX Font Info:    External font `lmex10' loaded for size
(Font)              <6> on input line 185.

Underfull \hbox (badness 10000) in paragraph at lines 185--185
[][]\T1/lmr/m/n/8 Kategorisierung nach []$http : / / www . bfs . admin . ch / b
fs / portal / de / index / themen / 06 / 02 /
 []


Package acronym Warning: Acronym `RMS' is not defined on input line 185.


Package acronym Warning: Acronym `RMS' is not defined on input line 185.


Package natbib Warning: Citation `rmHandbook' on page 8 undefined on input line
 185.


Package acronym Warning: Acronym `RMS' is not defined on input line 187.


LaTeX Warning: Reference `tab:komponenten' on page 8 undefined on input line 18
7.


Package acronym Warning: Acronym `RMS' is not defined on input line 201.


Package acronym Warning: Acronym `RMS' is not defined on input line 201.


Package acronym Warning: Acronym `RMS' is not defined on input line 205.


Package acronym Warning: Acronym `RMS' is not defined on input line 205.


Package acronym Warning: Acronym `RMS' is not defined on input line 205.

Package acronym Info: Label `acro:DMS' newly defined as it shall be overridden
although it is yet undefined on input line 205.

Package acronym Warning: Acronym `DMS' is not defined on input line 205.


Package acronym Warning: Acronym `DMS' is not defined on input line 205.


Package acronym Warning: Acronym `DMS' is not defined on input line 205.


Package acronym Warning: Acronym `LCA' is not defined on input line 205.


Package acronym Warning: Acronym `LCA' is not defined on input line 205.

[8]

LaTeX Warning: Reference `img:komponenten' on page 9 undefined on input line 20
7.


LaTeX Warning: File `Komponenten.pdf' not found on input line 210.


! Package pdftex.def Error: File `Komponenten.pdf' not found: using draft setti
ng.

See the pdftex.def package documentation for explanation.
Type  H <return>  for immediate help.
 ...                                              
                                                  
l.210 ...ics[width=0.9\textwidth]{Komponenten.pdf}
                                                  %
? 

Package acronym Warning: Acronym `RMS' is not defined on input line 215.


LaTeX Warning: Reference `img:komponenten' on page 9 undefined on input line 21
5.


Package acronym Warning: Acronym `RMS' is not defined on input line 215.


Package acronym Warning: Acronym `RMS' is not defined on input line 215.


Package acronym Warning: Acronym `RMS' is not defined on input line 215.


Package acronym Warning: Acronym `DMS' is not defined on input line 215.

[9]

LaTeX Warning: Reference `modell' on page 10 undefined on input line 219.


LaTeX Warning: Reference `resultate' on page 10 undefined on input line 219.


Package acronym Warning: Acronym `RMS' is not defined on input line 222.


Package acronym Warning: Acronym `LCA' is not defined on input line 222.


Package acronym Warning: Acronym `LCA' is not defined on input line 222.


Package acronym Warning: Acronym `LCA' is not defined on input line 222.


Package acronym Warning: Acronym `LCA' is not defined on input line 222.


Package acronym Warning: Acronym `LCA' is not defined on input line 222.


Package acronym Warning: Acronym `LCA' is not defined on input line 222.


Package acronym Warning: Acronym `LCA' is not defined on input line 231.


Package acronym Warning: Acronym `LCA' is not defined on input line 231.


Package acronym Warning: Acronym `LCA' is not defined on input line 231.


Package acronym Warning: Acronym `LCA' is not defined on input line 231.


Package acronym Warning: Acronym `LCA' is not defined on input line 231.


Package natbib Warning: Citation `lca' on page 10 undefined on input line 231.

[10]

LaTeX Warning: File `LCA.pdf' not found on input line 234.


! Package pdftex.def Error: File `LCA.pdf' not found: using draft setting.

See the pdftex.def package documentation for explanation.
Type  H <return>  for immediate help.
 ...                                              
                                                  
l.234 ...udegraphics[width=0.9\textwidth]{LCA.pdf}
                                                  %
? 

Package natbib Warning: Citation `lca' on page 11 undefined on input line 235.


Package natbib Warning: Citation `lca' on page 11 undefined on input line 235.


Package acronym Warning: Acronym `LCA' is not defined on input line 239.


Package natbib Warning: Citation `gsoft' on page 11 undefined on input line 239
.


Package acronym Warning: Acronym `LCA' is not defined on input line 239.


Package acronym Warning: Acronym `RMS' is not defined on input line 239.


Package natbib Warning: Citation `gsoft' on page 11 undefined on input line 239
.

[11]

Package natbib Warning: Citation `ISO15489' on page 12 undefined on input line 
248.


Package natbib Warning: Citation `ISO30300' on page 12 undefined on input line 
257.


Package natbib Warning: Citation `rmHandbook' on page 12 undefined on input lin
e 262.


Package natbib Warning: Citation `rmprinzipien' on page 12 undefined on input l
ine 264.

LaTeX Font Info:    Trying to load font information for TS1+lmr on input line 2
68.
(/usr/local/texlive/2022/texmf-dist/tex/latex/lm/ts1lmr.fd
File: ts1lmr.fd 2015/05/01 v1.6.1 Font defs for Latin Modern
) [12]

Package natbib Warning: Citation `rmprinzipien' on page 13 undefined on input l
ine 280.


Package natbib Warning: Citation `krm' on page 13 undefined on input line 283.


Package acronym Warning: Acronym `RMS' is not defined on input line 286.


Package acronym Warning: Acronym `RMS' is not defined on input line 286.


Package natbib Warning: Citation `krm' on page 13 undefined on input line 286.


Package natbib Warning: Citation `rmprinzipien' on page 13 undefined on input l
ine 289.

[13]
Package acronym Info: Label `acro:ARMA' newly defined as it shall be overridden

although it is yet undefined on input line 291.


Package acronym Warning: Acronym `ARMA' is not defined on input line 291.


Package acronym Warning: Acronym `ARMA' is not defined on input line 291.


Package natbib Warning: Citation `rmHandbook' on page 14 undefined on input lin
e 291.


Package natbib Warning: Citation `ISO15489' on page 14 undefined on input line 
298.


Package acronym Warning: Acronym `RMS' is not defined on input line 301.


Package acronym Warning: Acronym `ARMA' is not defined on input line 303.


Package natbib Warning: Citation `defarma' on page 14 undefined on input line 3
06.


Package natbib Warning: Citation `rmHandbook' on page 14 undefined on input lin
e 311.


Package natbib Warning: Citation `rmHandbook' on page 14 undefined on input lin
e 314.

[14]

Package acronym Warning: Acronym `RMS' is not defined on input line 320.


Package natbib Warning: Citation `rmHandbook' on page 15 undefined on input lin
e 320.


Package acronym Warning: Acronym `RMS' is not defined on input line 322.


Package acronym Warning: Acronym `RMS' is not defined on input line 322.


Package acronym Warning: Acronym `RMS' is not defined on input line 322.

Package acronym Info: Label `acro:ERMS' newly defined as it shall be overridden

although it is yet undefined on input line 322.

Package acronym Warning: Acronym `ERMS' is not defined on input line 322.


Package acronym Warning: Acronym `ERMS' is not defined on input line 322.


Package acronym Warning: Acronym `RMS' is not defined on input line 322.


Package natbib Warning: Citation `rmHandbook' on page 15 undefined on input lin
e 324.


Package acronym Warning: Acronym `RMS' is not defined on input line 327.


Package acronym Warning: Acronym `RMS' is not defined on input line 327.


Package acronym Warning: Acronym `RMS' is not defined on input line 327.


Package acronym Warning: Acronym `RMS' is not defined on input line 327.


LaTeX Warning: Reference `def_lca' on page 15 undefined on input line 327.


LaTeX Warning: Reference `vgl_energ' on page 15 undefined on input line 327.


Package acronym Warning: Acronym `RMS' is not defined on input line 327.

[15]

Package acronym Warning: Acronym `RMS' is not defined on input line 330.


Package acronym Warning: Acronym `RMS' is not defined on input line 330.


Package acronym Warning: Acronym `RMS' is not defined on input line 330.


Package acronym Warning: Acronym `RMS' is not defined on input line 330.


Package acronym Warning: Acronym `RMS' is not defined on input line 330.


Package natbib Warning: Citation `teu' on page 16 undefined on input line 335.

[16]
Kapitel 3.

LaTeX Warning: Reference `sec:definitionen' on page 17 undefined on input line 
343.


LaTeX Warning: Reference `rmDef' on page 17 undefined on input line 343.


LaTeX Warning: Reference `rmNot' on page 17 undefined on input line 343.

Package acronym Info: Label `acro:ECM' newly defined as it shall be overridden
although it is yet undefined on input line 343.

Package acronym Warning: Acronym `ECM' is not defined on input line 343.


Package acronym Warning: Acronym `ECM' is not defined on input line 343.

Package acronym Info: Label `acro:KM' newly defined as it shall be overridden
although it is yet undefined on input line 343.

Package acronym Warning: Acronym `KM' is not defined on input line 343.


Package acronym Warning: Acronym `KM' is not defined on input line 343.


LaTeX Warning: Reference `rmKern' on page 17 undefined on input line 343.


LaTeX Warning: Reference `modell' on page 17 undefined on input line 343.


Package natbib Warning: Citation `rmHandbook' on page 17 undefined on input lin
e 347.


Package natbib Warning: Citation `rmGest' on page 17 undefined on input line 34
7.

Package acronym Info: Label `acro:RMS' overridden on input line 349.

Package acronym Warning: Acronym `RMS' is not defined on input line 349.


Package acronym Warning: Acronym `RMS' is not defined on input line 349.


Package natbib Warning: Citation `rmHandbook' on page 17 undefined on input lin
e 349.


Package natbib Warning: Citation `rmHandbook' on page 17 undefined on input lin
e 352.


Package natbib Warning: Citation `rmGest' on page 17 undefined on input line 35
2.

[17


]

Package natbib Warning: Citation `krm' on page 18 undefined on input line 354.


LaTeX Warning: Reference `dossier' on page 18 undefined on input line 356.


Package natbib Warning: Citation `rmHandbook' on page 18 undefined on input lin
e 356.


Package natbib Warning: Citation `rmGest' on page 18 undefined on input line 35
6.


LaTeX Warning: Reference `img:RM_und_prozess' on page 18 undefined on input lin
e 358.


Package natbib Warning: Citation `rmHandbook' on page 18 undefined on input lin
e 358.


Overfull \hbox (6.32573pt too wide) in paragraph at lines 358--359
\T1/lmr/m/n/10 ten ab-ge-bil-det. An-hand die-ser Ab-bil-dung lässt sich er-ken
-nen wie ein Ge-schäftspro-
 []


Overfull \hbox (5.40814pt too wide) in paragraph at lines 358--359
\T1/lmr/m/n/10 zess mit der Dos-sier Bil-dung zu-sam-men hängt. Ein Durch-lauf 
die-ses Ge-schäftspro-
 []


LaTeX Warning: File `RM_und_prozess.pdf' not found on input line 361.


! Package pdftex.def Error: File `RM_und_prozess.pdf' not found: using draft se
tting.

See the pdftex.def package documentation for explanation.
Type  H <return>  for immediate help.
 ...                                              
                                                  
l.361 ...cs[width=1\textwidth]{RM_und_prozess.pdf}
                                                  %
? 

Package natbib Warning: Citation `rmHandbook' on page 18 undefined on input lin
e 362.


Package natbib Warning: Citation `rmHandbook' on page 18 undefined on input lin
e 362.

[18] [19]

Package acronym Warning: Acronym `RMS' is not defined on input line 369.

Package acronym Info: Label `acro:DMS' overridden on input line 369.

Package acronym Warning: Acronym `DMS' is not defined on input line 369.


Package acronym Warning: Acronym `DMS' is not defined on input line 369.

Package acronym Info: Label `acro:KRM' newly defined as it shall be overridden
although it is yet undefined on input line 369.

Package acronym Warning: Acronym `KRM' is not defined on input line 369.


Package acronym Warning: Acronym `KRM' is not defined on input line 369.


Package acronym Warning: Acronym `DMS' is not defined on input line 371.


Package acronym Warning: Acronym `DMS' is not defined on input line 372.

Package acronym Info: Label `acro:RM' newly defined as it shall be overridden
although it is yet undefined on input line 372.

Package acronym Warning: Acronym `RM' is not defined on input line 372.


Package acronym Warning: Acronym `RM' is not defined on input line 372.


Overfull \hbox (1.93047pt too wide) in paragraph at lines 372--373
[]\T1/lmr/m/n/10 Einführung von Re-cords Ma-na-ge-ment Mo-du-len als Er-wei-te-
rung von [][]
 []


Package acronym Warning: Acronym `ECM' is not defined on input line 379.

Package acronym Info: Label `acro:ERP' newly defined as it shall be overridden
although it is yet undefined on input line 380.

Package acronym Warning: Acronym `ERP' is not defined on input line 380.


Package acronym Warning: Acronym `ERP' is not defined on input line 380.


Package natbib Warning: Citation `krm' on page 20 undefined on input line 383.


Package acronym Warning: Acronym `RMS' is not defined on input line 385.


Package acronym Warning: Acronym `RMS' is not defined on input line 385.


Package acronym Warning: Acronym `RMS' is not defined on input line 385.


Package acronym Warning: Acronym `RMS' is not defined on input line 387.


Package acronym Warning: Acronym `RMS' is not defined on input line 387.


Package acronym Warning: Acronym `RMS' is not defined on input line 387.


Package natbib Warning: Citation `krm' on page 20 undefined on input line 387.


Overfull \hbox (66.39505pt too wide) in paragraph at lines 387--388
\T1/lmr/m/n/10 ten Re-cords. Ein Re-cords Ma-na-ge-ment Sys-tem kann auf be-ste
-hen-den Dokumentenmanagement-
 []

[20]

Package acronym Warning: Acronym `DMS' is not defined on input line 389.


Package acronym Warning: Acronym `RMS' is not defined on input line 389.


Package acronym Warning: Acronym `DMS' is not defined on input line 389.


Package acronym Warning: Acronym `DMS' is not defined on input line 389.


Package acronym Warning: Acronym `DMS' is not defined on input line 389.


Package acronym Warning: Acronym `DMS' is not defined on input line 389.


Package acronym Warning: Acronym `DMS' is not defined on input line 389.

Package acronym Info: Label `acro:BPM' newly defined as it shall be overridden
although it is yet undefined on input line 389.

Package acronym Warning: Acronym `BPM' is not defined on input line 389.


Package acronym Warning: Acronym `BPM' is not defined on input line 389.


Package acronym Warning: Acronym `DMS' is not defined on input line 389.


Package acronym Warning: Acronym `RMS' is not defined on input line 389.


Package natbib Warning: Citation `krm' on page 21 undefined on input line 390.


Package natbib Warning: Citation `krm' on page 21 undefined on input line 392.


Package acronym Warning: Acronym `RMS' is not defined on input line 394.


Package acronym Warning: Acronym `DMS' is not defined on input line 394.


Package natbib Warning: Citation `krm' on page 21 undefined on input line 394.


Package acronym Warning: Acronym `RMS' is not defined on input line 401.


Package acronym Warning: Acronym `DMS' is not defined on input line 403.


Underfull \hbox (badness 1448) in paragraph at lines 405--406
[]|\T1/lmr/m/n/10 Zeitlich un-be-grenz-te Auf-be-wah-rung, In-ven-ta-ri-sie-
 []


Package natbib Warning: Citation `krm' on page 21 undefined on input line 408.


Package natbib Warning: Citation `rmGest' on page 21 undefined on input line 40
8.


Package natbib Warning: Citation `krm' on page 21 undefined on input line 408.


Package natbib Warning: Citation `rmGest' on page 21 undefined on input line 40
8.


Package acronym Warning: Acronym `RMS' is not defined on input line 415.


Package acronym Warning: Acronym `DMS' is not defined on input line 415.


Package natbib Warning: Citation `krm' on page 21 undefined on input line 426.


Package natbib Warning: Citation `rmGest' on page 21 undefined on input line 42
6.


Package natbib Warning: Citation `krm' on page 21 undefined on input line 426.


Package natbib Warning: Citation `rmGest' on page 21 undefined on input line 42
6.


LaTeX Warning: Reference `tab:systeme' on page 21 undefined on input line 430.


LaTeX Warning: Reference `tab:systemeigen' on page 21 undefined on input line 4
30.


Package acronym Warning: Acronym `RMS' is not defined on input line 430.


Package acronym Warning: Acronym `RMS' is not defined on input line 430.


Package acronym Warning: Acronym `RMS' is not defined on input line 430.


Package acronym Warning: Acronym `DMS' is not defined on input line 430.


Package acronym Warning: Acronym `RMS' is not defined on input line 430.


Package acronym Warning: Acronym `DMS' is not defined on input line 430.


Package acronym Warning: Acronym `RMS' is not defined on input line 430.


Package acronym Warning: Acronym `DMS' is not defined on input line 430.

[21]

LaTeX Warning: Reference `modell' on page 22 undefined on input line 435.


Package natbib Warning: Citation `rmHandbook' on page 22 undefined on input lin
e 438.


Package natbib Warning: Citation `archb' on page 22 undefined on input line 438
.


Package natbib Warning: Citation `rmGest' on page 22 undefined on input line 44
1.


Package natbib Warning: Citation `rmHandbook' on page 22 undefined on input lin
e 441.

[22]

Package natbib Warning: Citation `rmGest' on page 23 undefined on input line 44
3.


Package natbib Warning: Citation `rmHandbook' on page 23 undefined on input lin
e 443.


Package natbib Warning: Citation `rmGest' on page 23 undefined on input line 44
5.


Package natbib Warning: Citation `rmHandbook' on page 23 undefined on input lin
e 445.


LaTeX Warning: Reference `img:kleiner_LZ' on page 23 undefined on input line 44
7.


Package natbib Warning: Citation `rmGest' on page 23 undefined on input line 44
7.


Package natbib Warning: Citation `rmHandbook' on page 23 undefined on input lin
e 447.


LaTeX Warning: Reference `img:grosser_LZ' on page 23 undefined on input line 44
9.


LaTeX Warning: Reference `img:RM_und_prozess' on page 23 undefined on input lin
e 449.


Package natbib Warning: Citation `rmGest' on page 23 undefined on input line 44
9.


Package natbib Warning: Citation `rmHandbook' on page 23 undefined on input lin
e 449.


LaTeX Warning: File `kleiner_lebenszyklus.pdf' not found on input line 453.


! Package pdftex.def Error: File `kleiner_lebenszyklus.pdf' not found: using dr
aft setting.

See the pdftex.def package documentation for explanation.
Type  H <return>  for immediate help.
 ...                                              
                                                  
l.453 ...=0.5\textwidth]{kleiner_lebenszyklus.pdf}
                                                  %
? 

Package natbib Warning: Citation `rmHandbook' on page 23 undefined on input lin
e 454.


Package natbib Warning: Citation `rmHandbook' on page 23 undefined on input lin
e 454.


LaTeX Warning: File `grosser_lebenszyklus.pdf' not found on input line 460.


! Package pdftex.def Error: File `grosser_lebenszyklus.pdf' not found: using dr
aft setting.

See the pdftex.def package documentation for explanation.
Type  H <return>  for immediate help.
 ...                                              
                                                  
l.460 ...=0.9\textwidth]{grosser_lebenszyklus.pdf}
                                                  %
? 

Package natbib Warning: Citation `rmHandbook' on page 23 undefined on input lin
e 461.


Package natbib Warning: Citation `rmHandbook' on page 23 undefined on input lin
e 461.


LaTeX Warning: Reference `img:dossierakt' on page 23 undefined on input line 46
6.


LaTeX Warning: Reference `img:RM_und_prozess' on page 23 undefined on input lin
e 466.


Package natbib Warning: Citation `rmGest' on page 23 undefined on input line 46
6.

[23]

LaTeX Warning: File `dossierakteure.pdf' not found on input line 470.


! Package pdftex.def Error: File `dossierakteure.pdf' not found: using draft se
tting.

See the pdftex.def package documentation for explanation.
Type  H <return>  for immediate help.
 ...                                              
                                                  
l.470 ...[width=0.7\textwidth]{dossierakteure.pdf}
                                                  %
? 

Package natbib Warning: Citation `rmGest' on page 24 undefined on input line 47
1.


Package natbib Warning: Citation `rmGest' on page 24 undefined on input line 47
1.


Package natbib Warning: Citation `rmHandbook' on page 24 undefined on input lin
e 476.


Package natbib Warning: Citation `rmHandbook' on page 24 undefined on input lin
e 476.


Package natbib Warning: Citation `rmHandbook' on page 24 undefined on input lin
e 476.


Package natbib Warning: Citation `rmGest' on page 24 undefined on input line 47
6.

[24]

Package acronym Warning: Acronym `RMS' is not defined on input line 483.


LaTeX Warning: Reference `img:komponenten' on page 25 undefined on input line 4
83.


LaTeX Warning: Reference `vgl_energ' on page 25 undefined on input line 483.


LaTeX Warning: Reference `vgl_raum' on page 25 undefined on input line 483.

[25]

Package acronym Warning: Acronym `RMS' is not defined on input line 487.


Package acronym Warning: Acronym `RMS' is not defined on input line 492.


Package acronym Warning: Acronym `DMS' is not defined on input line 492.


LaTeX Warning: Reference `img:komponenten' on page 26 undefined on input line 4
92.

[26]

Package acronym Warning: Acronym `DMS' is not defined on input line 494.


Package acronym Warning: Acronym `DMS' is not defined on input line 494.


Package acronym Warning: Acronym `DMS' is not defined on input line 494.


Package natbib Warning: Citation `gsoft' on page 27 undefined on input line 500
.


Package natbib Warning: Citation `gsoft' on page 27 undefined on input line 500
.


Package acronym Warning: Acronym `DMS' is not defined on input line 502.


Package acronym Warning: Acronym `RMS' is not defined on input line 502.

[27]
Kapitel 4.

LaTeX Warning: Reference `sec:def_modell_UN' on page 28 undefined on input line
 509.


LaTeX Warning: Reference `sec:modell_physisch' on page 28 undefined on input li
ne 509.


LaTeX Warning: Reference `sec:modell_digital' on page 28 undefined on input lin
e 509.

Package acronym Info: Label `acro:RMS' overridden on input line 520.

Package acronym Warning: Acronym `RMS' is not defined on input line 520.


Package acronym Warning: Acronym `RMS' is not defined on input line 520.


Package acronym Warning: Acronym `RMS' is not defined on input line 520.


LaTeX Warning: Reference `sec:modell_physisch' on page 28 undefined on input li
ne 520.


LaTeX Warning: Reference `rmNot' on page 28 undefined on input line 520.


Package acronym Warning: Acronym `RMS' is not defined on input line 520.

[28

]

Package natbib Warning: Citation `mwst' on page 29 undefined on input line 522.



Package natbib Warning: Citation `obli' on page 29 undefined on input line 522.



Package natbib Warning: Citation `rmGest' on page 29 undefined on input line 52
2.


Package acronym Warning: Acronym `RMS' is not defined on input line 524.

[29]

Package acronym Warning: Acronym `RMS' is not defined on input line 531.


Package natbib Warning: Citation `rmHandbook' on page 30 undefined on input lin
e 535.


LaTeX Warning: Reference `tab:archvraum' on page 30 undefined on input line 537
.


Package natbib Warning: Citation `luzarchv' on page 30 undefined on input line 
537.


Package natbib Warning: Citation `archivesuisse' on page 30 undefined on input 
line 537.

[30]

Package natbib Warning: Citation `luzarchv' on page 31 undefined on input line 
550.


Package natbib Warning: Citation `archivesuisse' on page 31 undefined on input 
line 550.


Package natbib Warning: Citation `luzarchv' on page 31 undefined on input line 
550.


Package natbib Warning: Citation `archivesuisse' on page 31 undefined on input 
line 550.


LaTeX Warning: Reference `img:arch_wachstum' on page 31 undefined on input line
 554.


LaTeX Warning: File `archiv_wachstum.pdf' not found on input line 558.


! Package pdftex.def Error: File `archiv_wachstum.pdf' not found: using draft s
etting.

See the pdftex.def package documentation for explanation.
Type  H <return>  for immediate help.
 ...                                              
                                                  
l.558 ...width=0.9\textwidth]{archiv_wachstum.pdf}
                                                  %
? 

LaTeX Warning: Reference `img:archbox' on page 31 undefined on input line 563.


LaTeX Warning: Reference `anh:archplan' on page 31 undefined on input line 563.



LaTeX Warning: Reference `subsec:digiprog' on page 31 undefined on input line 5
70.


Package acronym Warning: Acronym `RMS' is not defined on input line 570.


Package acronym Warning: Acronym `RMS' is not defined on input line 570.


LaTeX Warning: Reference `img:zielsystem' on page 31 undefined on input line 57
0.

Package acronym Info: Label `acro:RM' overridden on input line 570.

Package acronym Warning: Acronym `RM' is not defined on input line 570.


Package acronym Warning: Acronym `RM' is not defined on input line 570.

Package acronym Info: Label `acro:DMS' overridden on input line 570.

Package acronym Warning: Acronym `DMS' is not defined on input line 570.


Package acronym Warning: Acronym `DMS' is not defined on input line 570.

[31]

LaTeX Warning: File `zielsystem.pdf' not found on input line 574.


! Package pdftex.def Error: File `zielsystem.pdf' not found: using draft settin
g.

See the pdftex.def package documentation for explanation.
Type  H <return>  for immediate help.
 ...                                              
                                                  
l.574 ...hics[width=0.8\textwidth]{zielsystem.pdf}
                                                  %
? 

Package acronym Warning: Acronym `DMS' is not defined on input line 579.


Package acronym Warning: Acronym `DMS' is not defined on input line 579.


Package acronym Warning: Acronym `RMS' is not defined on input line 579.


LaTeX Warning: Reference `anh:magicq' on page 32 undefined on input line 579.


LaTeX Warning: Reference `tab:ecm-server' on page 32 undefined on input line 57
9.


Package natbib Warning: Citation `ecmmagic' on page 32 undefined on input line 
579.


Underfull \vbox (badness 1509) has occurred while \output is active []

 [32]
[33]

Package natbib Warning: Citation `pdfa' on page 34 undefined on input line 597.


Package color Info: Redefining color Gray on input line 599.

Overfull \hbox (57.8674pt too wide) in paragraph at lines 602--656
[][] 
 []

[34]
Kapitel 5.
Package acronym Info: Label `acro:RMS' overridden on input line 667.

Package acronym Warning: Acronym `RMS' is not defined on input line 667.


Package acronym Warning: Acronym `RMS' is not defined on input line 667.

Package acronym Info: Label `acro:LCA' overridden on input line 667.

Package acronym Warning: Acronym `LCA' is not defined on input line 667.


Package acronym Warning: Acronym `LCA' is not defined on input line 667.


Package acronym Warning: Acronym `RMS' is not defined on input line 667.


LaTeX Warning: Reference `resultate' on page 35 undefined on input line 671.


LaTeX Warning: Reference `sec:modell_physisch' on page 35 undefined on input li
ne 674.


LaTeX Warning: Reference `subsec:raum_phys' on page 35 undefined on input line 
674.


Package natbib Warning: Citation `lca_build' on page 35 undefined on input line
 674.

[35


]

LaTeX Warning: Reference `tab:archvraum' on page 36 undefined on input line 680
.

Package acronym Info: Label `acro:HLK' newly defined as it shall be overridden
although it is yet undefined on input line 680.

Package acronym Warning: Acronym `HLK' is not defined on input line 680.


Package acronym Warning: Acronym `HLK' is not defined on input line 680.


Package acronym Warning: Acronym `HLK' is not defined on input line 680.


Package acronym Warning: Acronym `HLK' is not defined on input line 680.


Package natbib Warning: Citation `hvac_1' on page 36 undefined on input line 68
0.


LaTeX Warning: Reference `sec:modell_physisch' on page 36 undefined on input li
ne 682.


LaTeX Warning: Reference `tab:archvraum' on page 36 undefined on input line 682
.


Package acronym Warning: Acronym `HLK' is not defined on input line 684.


LaTeX Warning: Reference `tab:mix' on page 36 undefined on input line 684.


LaTeX Warning: Reference `fig:klima' on page 36 undefined on input line 684.

[36]

Package acronym Warning: Acronym `HLK' is not defined on input line 686.


Package natbib Warning: Citation `ch_strom' on page 37 undefined on input line 
700.


Package natbib Warning: Citation `hvac_1' on page 37 undefined on input line 70
0.


Package natbib Warning: Citation `ch_strom' on page 37 undefined on input line 
700.


Package natbib Warning: Citation `hvac_1' on page 37 undefined on input line 70
0.


LaTeX Warning: File `img/zurich.pdf' not found on input line 708.


! Package pdftex.def Error: File `img/zurich.pdf' not found: using draft settin
g.

See the pdftex.def package documentation for explanation.
Type  H <return>  for immediate help.
 ...                                              
                                                  
l.708 ...aphics[width=1\linewidth]{img/zurich.pdf}
                                                  
? 

Package natbib Warning: Citation `climatez' on page 37 undefined on input line 
709.


Package natbib Warning: Citation `climatez' on page 37 undefined on input line 
709.


LaTeX Warning: File `img/portland.pdf' not found on input line 713.


! Package pdftex.def Error: File `img/portland.pdf' not found: using draft sett
ing.

See the pdftex.def package documentation for explanation.
Type  H <return>  for immediate help.
 ...                                              
                                                  
l.713 ...hics[width=1\linewidth]{img/portland.pdf}
                                                  
? 

Package natbib Warning: Citation `climatep' on page 37 undefined on input line 
714.


Package natbib Warning: Citation `climatep' on page 37 undefined on input line 
714.


Package natbib Warning: Citation `hvac_1' on page 37 undefined on input line 72
1.


Package acronym Warning: Acronym `HLK' is not defined on input line 722.


Package natbib Warning: Citation `hvac_1' on page 37 undefined on input line 72
4.


Package natbib Warning: Citation `hvac_1' on page 37 undefined on input line 72
6.

[37]

Package acronym Warning: Acronym `HLK' is not defined on input line 728.


Package natbib Warning: Citation `lca_build' on page 38 undefined on input line
 728.


Package acronym Warning: Acronym `HLK' is not defined on input line 728.


Package natbib Warning: Citation `lca_build' on page 38 undefined on input line
 728.


Package natbib Warning: Citation `hvac_1' on page 38 undefined on input line 73
0.

[38]

Package acronym Warning: Acronym `HLK' is not defined on input line 734.


Package acronym Warning: Acronym `HLK' is not defined on input line 734.


Package natbib Warning: Citation `luzarchv' on page 39 undefined on input line 
737.


Package natbib Warning: Citation `led_uv' on page 39 undefined on input line 73
7.


Package natbib Warning: Citation `lca_licht' on page 39 undefined on input line
 739.


Package natbib Warning: Citation `lca_licht' on page 39 undefined on input line
 739.


LaTeX Warning: Reference `sec:modell_physisch' on page 39 undefined on input li
ne 741.


LaTeX Warning: Reference `anh:archplan' on page 39 undefined on input line 741.



Package natbib Warning: Citation `lca_licht' on page 39 undefined on input line
 741.


Package acronym Warning: Acronym `LCA' is not defined on input line 741.


Package acronym Warning: Acronym `LCA' is not defined on input line 741.


Package natbib Warning: Citation `lca_licht' on page 39 undefined on input line
 741.


Package acronym Warning: Acronym `RMS' is not defined on input line 743.


Package acronym Warning: Acronym `RMS' is not defined on input line 743.


LaTeX Warning: `h' float specifier changed to `ht'.


LaTeX Warning: Reference `sec:definitionen' on page 39 undefined on input line 
764.


Package acronym Warning: Acronym `LCA' is not defined on input line 764.

[39]

LaTeX Warning: Reference `anh:paper' on page 40 undefined on input line 778.

[40]
Package acronym Info: Label `acro:EMPA' newly defined as it shall be overridden

although it is yet undefined on input line 780.


Package acronym Warning: Acronym `EMPA' is not defined on input line 780.


Package acronym Warning: Acronym `EMPA' is not defined on input line 780.


Package acronym Warning: Acronym `EMPA' is not defined on input line 780.


Package acronym Warning: Acronym `EMPA' is not defined on input line 780.


Package acronym Warning: Acronym `LCA' is not defined on input line 780.


Package acronym Warning: Acronym `EMPA' is not defined on input line 780.


Package natbib Warning: Citation `empa_daten' on page 41 undefined on input lin
e 780.


Overfull \hbox (4.15944pt too wide) in paragraph at lines 780--781
[][][]\T1/lmr/bx/n/10 EMPA! \T1/lmr/m/n/10 ([])[] un-ter-sucht. Die [][] hat fü
r die Pro-duk-ti-on von Drucker-
 []


LaTeX Warning: Reference `sec:modell_physisch' on page 41 undefined on input li
ne 785.


Package natbib Warning: Citation `auto_lca' on page 41 undefined on input line 
787.


Package natbib Warning: Citation `auto_lca' on page 41 undefined on input line 
787.


Package natbib Warning: Citation `auto_lca' on page 41 undefined on input line 
787.

[41]

Package natbib Warning: Citation `auto_lca' on page 42 undefined on input line 
789.


Package natbib Warning: Citation `auto_lca_2' on page 42 undefined on input lin
e 789.


Package natbib Warning: Citation `auto_lca' on page 42 undefined on input line 
789.


Package natbib Warning: Citation `auto_lca_2' on page 42 undefined on input lin
e 789.

Package acronym Info: Label `acro:EPA' newly defined as it shall be overridden
although it is yet undefined on input line 791.

Package acronym Warning: Acronym `EPA' is not defined on input line 791.


Package acronym Warning: Acronym `EPA' is not defined on input line 791.


Package natbib Warning: Citation `fuel_energy' on page 42 undefined on input li
ne 791.


LaTeX Warning: Reference `eq:auto_energy_cons' on page 42 undefined on input li
ne 793.


Package natbib Warning: Citation `auto_lca' on page 42 undefined on input line 
793.


LaTeX Warning: Reference `eq:auto_energy_cons' on page 42 undefined on input li
ne 800.


Package natbib Warning: Citation `auto_lca' on page 42 undefined on input line 
800.


Package natbib Warning: Citation `auto_lca' on page 42 undefined on input line 
800.


LaTeX Warning: Reference `tab:ges_energ_auto' on page 42 undefined on input lin
e 800.


Package acronym Warning: Acronym `RMS' is not defined on input line 800.


Package natbib Warning: Citation `auto_lca' on page 42 undefined on input line 
800.


Package natbib Warning: Citation `auto_lca' on page 42 undefined on input line 
815.


Package natbib Warning: Citation `auto_lca_2' on page 42 undefined on input lin
e 815.


Package natbib Warning: Citation `auto_lca' on page 42 undefined on input line 
815.


Package natbib Warning: Citation `auto_lca_2' on page 42 undefined on input lin
e 815.


LaTeX Warning: `h' float specifier changed to `ht'.


Package natbib Warning: Citation `mit_car' on page 42 undefined on input line 8
19.


Package natbib Warning: Citation `auto_lca' on page 42 undefined on input line 
819.

[42]

Package natbib Warning: Citation `auto_lca' on page 43 undefined on input line 
821.


Package natbib Warning: Citation `auto_lca_2' on page 43 undefined on input lin
e 821.


Package acronym Warning: Acronym `LCA' is not defined on input line 821.


Package natbib Warning: Citation `auto_lca_2' on page 43 undefined on input lin
e 821.


Package natbib Warning: Citation `auto_lca_2' on page 43 undefined on input lin
e 821.


LaTeX Warning: Reference `tab:ges_energ_auto' on page 43 undefined on input lin
e 823.


LaTeX Warning: Reference `tab:ges_energ_transport' on page 43 undefined on inpu
t line 825.

[43]

Package acronym Warning: Acronym `RMS' is not defined on input line 848.


Package acronym Warning: Acronym `RMS' is not defined on input line 848.


Package acronym Warning: Acronym `RMS' is not defined on input line 848.


Package acronym Warning: Acronym `RMS' is not defined on input line 848.


Package acronym Warning: Acronym `RMS' is not defined on input line 848.


Package acronym Warning: Acronym `RMS' is not defined on input line 848.


Package acronym Warning: Acronym `RMS' is not defined on input line 851.


Package natbib Warning: Citation `lca_build' on page 44 undefined on input line
 851.


LaTeX Warning: Reference `subsec:raum_digi' on page 44 undefined on input line 
851.


Package acronym Warning: Acronym `RMS' is not defined on input line 851.


LaTeX Warning: Reference `subsec:energ_phys' on page 44 undefined on input line
 854.


LaTeX Warning: Reference `subsec:energ_phys' on page 44 undefined on input line
 854.

[44]

Package natbib Warning: Citation `greendc' on page 45 undefined on input line 8
56.


LaTeX Warning: Reference `energ:Hardware' on page 45 undefined on input line 85
6.


Package acronym Warning: Acronym `RMS' is not defined on input line 856.


Package natbib Warning: Citation `greendc' on page 45 undefined on input line 8
56.


Package acronym Warning: Acronym `EMPA' is not defined on input line 861.

Package acronym Info: Label `acro:DMS' overridden on input line 861.

Package acronym Warning: Acronym `DMS' is not defined on input line 861.


Package acronym Warning: Acronym `DMS' is not defined on input line 861.


Package acronym Warning: Acronym `DMS' is not defined on input line 863.


LaTeX Warning: Reference `anh:magicq' on page 45 undefined on input line 863.


Package natbib Warning: Citation `bruno' on page 45 undefined on input line 863
.

[45]

Package acronym Warning: Acronym `DMS' is not defined on input line 865.


Package acronym Warning: Acronym `EMPA' is not defined on input line 865.


Package acronym Warning: Acronym `EMPA' is not defined on input line 865.


Package natbib Warning: Citation `empa_daten' on page 46 undefined on input lin
e 865.


Package natbib Warning: Citation `greendc' on page 46 undefined on input line 8
67.


Package natbib Warning: Citation `greendc' on page 46 undefined on input line 8
67.


Package natbib Warning: Citation `greendc' on page 46 undefined on input line 8
67.


Package acronym Warning: Acronym `RMS' is not defined on input line 869.


LaTeX Warning: Reference `sec:modell_digital' on page 46 undefined on input lin
e 869.


Package natbib Warning: Citation `icthardware' on page 46 undefined on input li
ne 873.

[46]

Package acronym Warning: Acronym `EMPA' is not defined on input line 875.


Package natbib Warning: Citation `empa_daten' on page 47 undefined on input lin
e 875.


Package acronym Warning: Acronym `DMS' is not defined on input line 877.


LaTeX Warning: Reference `tab:ges_energ_dms' on page 47 undefined on input line
 877.


Package acronym Warning: Acronym `DMS' is not defined on input line 893.


Package acronym Warning: Acronym `DMS' is not defined on input line 893.


Package natbib Warning: Citation `disaster' on page 47 undefined on input line 
899.


Package natbib Warning: Citation `cpe' on page 47 undefined on input line 903.

[47]

LaTeX Warning: Reference `tab:ges_energ_dms' on page 48 undefined on input line
 907.

[48]
Kapitel 6.
Package acronym Info: Label `acro:RMS' overridden on input line 915.

Package acronym Warning: Acronym `RMS' is not defined on input line 915.


Package acronym Warning: Acronym `RMS' is not defined on input line 915.


Package acronym Warning: Acronym `RMS' is not defined on input line 915.


Package acronym Warning: Acronym `RMS' is not defined on input line 919.


LaTeX Warning: File `archivbox.pdf' not found on input line 923.


! Package pdftex.def Error: File `archivbox.pdf' not found: using draft setting
.

See the pdftex.def package documentation for explanation.
Type  H <return>  for immediate help.
 ...                                              
                                                  
l.923 ...phics[width=0.7\textwidth]{archivbox.pdf}
                                                  %
? 

Package natbib Warning: Citation `officeworld' on page 49 undefined on input li
ne 924.


Package natbib Warning: Citation `officeworld' on page 49 undefined on input li
ne 924.


LaTeX Warning: Reference `img:archbox' on page 49 undefined on input line 928.


LaTeX Warning: Reference `img:arch_wachstum' on page 49 undefined on input line
 928.

[49


]

LaTeX Warning: Reference `anh:archplan' on page 50 undefined on input line 930.



Package acronym Warning: Acronym `RMS' is not defined on input line 934.

Package acronym Info: Label `acro:ECM' overridden on input line 934.

Package acronym Warning: Acronym `ECM' is not defined on input line 934.


Package acronym Warning: Acronym `ECM' is not defined on input line 934.


LaTeX Warning: Reference `sec:modell_digital' on page 50 undefined on input lin
e 936.


Package acronym Warning: Acronym `RMS' is not defined on input line 936.


Package natbib Warning: Citation `42u' on page 50 undefined on input line 936.


Package natbib Warning: Citation `isorack' on page 50 undefined on input line 9
36.

[50] [51] [52

]
Kapitel 7.
Package acronym Info: Label `acro:LCA' overridden on input line 945.

Package acronym Warning: Acronym `LCA' is not defined on input line 945.


Package acronym Warning: Acronym `LCA' is not defined on input line 945.

Package acronym Info: Label `acro:RMS' overridden on input line 945.

Package acronym Warning: Acronym `RMS' is not defined on input line 945.


Package acronym Warning: Acronym `RMS' is not defined on input line 945.


Package acronym Warning: Acronym `RMS' is not defined on input line 949.


Package acronym Warning: Acronym `RMS' is not defined on input line 949.

Package acronym Info: Label `acro:DMS' overridden on input line 949.

Package acronym Warning: Acronym `DMS' is not defined on input line 949.


Package acronym Warning: Acronym `DMS' is not defined on input line 949.


LaTeX Warning: Reference `tab:ges_energ_comp' on page 53 undefined on input lin
e 949.


Package acronym Warning: Acronym `RMS' is not defined on input line 949.


Package acronym Warning: Acronym `RMS' is not defined on input line 949.


LaTeX Warning: Reference `tab:ges_energ_comp' on page 53 undefined on input lin
e 949.


LaTeX Warning: Reference `tab:ges_energ_phys' on page 53 undefined on input lin
e 949.


LaTeX Warning: Reference `tab:ges_energ_digi' on page 53 undefined on input lin
e 949.


Package acronym Warning: Acronym `RMS' is not defined on input line 949.


LaTeX Warning: Reference `anh:excel' on page 53 undefined on input line 951.


LaTeX Warning: `h' float specifier changed to `ht'.


Package acronym Warning: Acronym `RMS' is not defined on input line 967.


Package acronym Warning: Acronym `RMS' is not defined on input line 967.


Package acronym Warning: Acronym `DMS' is not defined on input line 967.


Package acronym Warning: Acronym `DMS' is not defined on input line 967.


Package acronym Warning: Acronym `DMS' is not defined on input line 967.

[53

]
Overfull \hbox (17.18999pt too wide) in paragraph at lines 970--984
[][] 
 []


LaTeX Warning: `h' float specifier changed to `ht'.


Package acronym Warning: Acronym `RMS' is not defined on input line 1006.


Package acronym Warning: Acronym `RMS' is not defined on input line 1006.

[54]

Package acronym Warning: Acronym `RMS' is not defined on input line 1008.


Package acronym Warning: Acronym `RMS' is not defined on input line 1008.


Package acronym Warning: Acronym `RMS' is not defined on input line 1008.


LaTeX Warning: Reference `tab:ges_energ_comp' on page 55 undefined on input lin
e 1010.


LaTeX Warning: Reference `tab:ges_energ_phys' on page 55 undefined on input lin
e 1010.


LaTeX Warning: Reference `tab:ges_energ_digi' on page 55 undefined on input lin
e 1010.


LaTeX Warning: Reference `tab:ges_energ_phys' on page 55 undefined on input lin
e 1010.


LaTeX Warning: Reference `tab:ges_energ_digi' on page 55 undefined on input lin
e 1010.


Package acronym Warning: Acronym `RMS' is not defined on input line 1014.


LaTeX Warning: Reference `tab:ges_raum_comp' on page 55 undefined on input line
 1016.


Package acronym Warning: Acronym `RMS' is not defined on input line 1016.


Package acronym Warning: Acronym `RMS' is not defined on input line 1028.


Package acronym Warning: Acronym `RMS' is not defined on input line 1028.


Underfull \vbox (badness 2103) has occurred while \output is active []

 [55]

Package acronym Warning: Acronym `RMS' is not defined on input line 1035.


Package acronym Warning: Acronym `RMS' is not defined on input line 1035.


Package acronym Warning: Acronym `RMS' is not defined on input line 1035.


Package acronym Warning: Acronym `DMS' is not defined on input line 1037.


Package acronym Warning: Acronym `RMS' is not defined on input line 1040.


LaTeX Warning: Reference `tab:ges_energ_szen1' on page 56 undefined on input li
ne 1040.


Underfull \vbox (badness 3919) has occurred while \output is active []

 [56]

Package acronym Warning: Acronym `RMS' is not defined on input line 1064.


Package acronym Warning: Acronym `RMS' is not defined on input line 1064.


Package acronym Warning: Acronym `RMS' is not defined on input line 1064.


LaTeX Warning: Reference `tab:ges_energ_szen2' on page 57 undefined on input li
ne 1064.


Overfull \hbox (17.02286pt too wide) in paragraph at lines 1067--1083
[][] 
 []


Package acronym Warning: Acronym `RMS' is not defined on input line 1089.


Package acronym Warning: Acronym `RMS' is not defined on input line 1089.


Package acronym Warning: Acronym `RMS' is not defined on input line 1091.


LaTeX Warning: Reference `tab:ges_energ_szen3' on page 57 undefined on input li
ne 1091.

[57]

LaTeX Warning: Reference `tab:ges_energ_szenvgl' on page 58 undefined on input 
line 1112.


Package acronym Warning: Acronym `RMS' is not defined on input line 1112.


Package acronym Warning: Acronym `RMS' is not defined on input line 1112.


Overfull \hbox (3.30533pt too wide) in paragraph at lines 1115--1124
[][] 
 []

[58]
Kapitel 8.
Package acronym Info: Label `acro:RMS' overridden on input line 1134.

Package acronym Warning: Acronym `RMS' is not defined on input line 1134.


Package acronym Warning: Acronym `RMS' is not defined on input line 1134.


Package acronym Warning: Acronym `RMS' is not defined on input line 1134.


Package acronym Warning: Acronym `RMS' is not defined on input line 1134.

[59

]

Package acronym Warning: Acronym `RMS' is not defined on input line 1151.


Package natbib Warning: Citation `archivesuisse' on page 60 undefined on input 
line 1151.


Package acronym Warning: Acronym `RMS' is not defined on input line 1153.


Package acronym Warning: Acronym `RMS' is not defined on input line 1157.


Package acronym Warning: Acronym `RMS' is not defined on input line 1157.


Package acronym Warning: Acronym `RMS' is not defined on input line 1157.


Package acronym Warning: Acronym `RMS' is not defined on input line 1157.


Package acronym Warning: Acronym `RMS' is not defined on input line 1159.


Package acronym Warning: Acronym `RMS' is not defined on input line 1159.


Package acronym Warning: Acronym `RMS' is not defined on input line 1159.


Package natbib Warning: Citation `rebound' on page 60 undefined on input line 1
159.


Overfull \hbox (11.07162pt too wide) in paragraph at lines 1159--1160
[]\T1/lmr/m/n/10 Es be-steht die Mög-lich-keit, dass bei der Di-gi-ta-li-sie-ru
ng des [][] ein Rebound-
 []

[60] [61] [62

]
Kapitel 9.
Package acronym Info: Label `acro:RMS' overridden on input line 1168.

Package acronym Warning: Acronym `RMS' is not defined on input line 1168.


Package acronym Warning: Acronym `RMS' is not defined on input line 1168.


Package acronym Warning: Acronym `RMS' is not defined on input line 1168.

Package acronym Info: Label `acro:LCA' overridden on input line 1168.

Package acronym Warning: Acronym `LCA' is not defined on input line 1168.


Package acronym Warning: Acronym `LCA' is not defined on input line 1168.


Package acronym Warning: Acronym `RMS' is not defined on input line 1168.


Package acronym Warning: Acronym `RMS' is not defined on input line 1170.


Package acronym Warning: Acronym `RMS' is not defined on input line 1170.


Package acronym Warning: Acronym `RMS' is not defined on input line 1170.


Package acronym Warning: Acronym `RMS' is not defined on input line 1170.


Package acronym Warning: Acronym `RMS' is not defined on input line 1170.


Package acronym Warning: Acronym `RMS' is not defined on input line 1172.


Package acronym Warning: Acronym `RMS' is not defined on input line 1172.


Package acronym Warning: Acronym `RMS' is not defined on input line 1172.

[63

] [64

]

LaTeX Warning: Hyper reference `acro:ARMA' on page 65 undefined on input line 1
192.


LaTeX Warning: Hyper reference `acro:ARMA' on page 65 undefined on input line 1
192.


LaTeX Warning: Hyper reference `acro:BPM' on page 65 undefined on input line 11
93.


LaTeX Warning: Hyper reference `acro:BPM' on page 65 undefined on input line 11
93.


LaTeX Warning: Hyper reference `acro:DMS' on page 65 undefined on input line 11
94.


LaTeX Warning: Hyper reference `acro:DMS' on page 65 undefined on input line 11
94.


LaTeX Warning: Hyper reference `acro:ECM' on page 65 undefined on input line 11
95.


LaTeX Warning: Hyper reference `acro:ECM' on page 65 undefined on input line 11
95.


LaTeX Warning: Hyper reference `acro:EDRMS' on page 65 undefined on input line 
1196.


LaTeX Warning: Hyper reference `acro:EDRMS' on page 65 undefined on input line 
1196.


LaTeX Warning: Hyper reference `acro:EMPA' on page 65 undefined on input line 1
197.


LaTeX Warning: Hyper reference `acro:EMPA' on page 65 undefined on input line 1
197.


LaTeX Warning: Hyper reference `acro:EPA' on page 65 undefined on input line 11
98.


LaTeX Warning: Hyper reference `acro:EPA' on page 65 undefined on input line 11
98.


LaTeX Warning: Hyper reference `acro:ERP' on page 65 undefined on input line 11
99.


LaTeX Warning: Hyper reference `acro:ERP' on page 65 undefined on input line 11
99.


LaTeX Warning: Hyper reference `acro:ERMS' on page 65 undefined on input line 1
200.


LaTeX Warning: Hyper reference `acro:ERMS' on page 65 undefined on input line 1
200.


LaTeX Warning: Hyper reference `acro:HLK' on page 65 undefined on input line 12
01.


LaTeX Warning: Hyper reference `acro:HLK' on page 65 undefined on input line 12
01.


LaTeX Warning: Hyper reference `acro:ISO' on page 65 undefined on input line 12
02.


LaTeX Warning: Hyper reference `acro:ISO' on page 65 undefined on input line 12
02.


LaTeX Warning: Hyper reference `acro:KM' on page 65 undefined on input line 120
3.


LaTeX Warning: Hyper reference `acro:KM' on page 65 undefined on input line 120
3.


LaTeX Warning: Hyper reference `acro:KRM' on page 65 undefined on input line 12
04.


LaTeX Warning: Hyper reference `acro:KRM' on page 65 undefined on input line 12
04.


LaTeX Warning: Hyper reference `acro:KMS' on page 65 undefined on input line 12
05.


LaTeX Warning: Hyper reference `acro:KMS' on page 65 undefined on input line 12
05.


LaTeX Warning: Hyper reference `acro:LCA' on page 65 undefined on input line 12
06.


LaTeX Warning: Hyper reference `acro:LCA' on page 65 undefined on input line 12
06.


LaTeX Warning: Hyper reference `acro:MHFE' on page 65 undefined on input line 1
207.


LaTeX Warning: Hyper reference `acro:MHFE' on page 65 undefined on input line 1
207.


LaTeX Warning: Hyper reference `acro:RM' on page 65 undefined on input line 120
8.


LaTeX Warning: Hyper reference `acro:RM' on page 65 undefined on input line 120
8.


LaTeX Warning: Hyper reference `acro:RMS' on page 65 undefined on input line 12
09.


LaTeX Warning: Hyper reference `acro:RMS' on page 65 undefined on input line 12
09.

[65

] [66

]
No file Bachelorarbeit.bbl.
No file Bachelorarbeit.lof.
\tf@lof=\write6
\openout6 = `Bachelorarbeit.lof'.

[67


] [68

]
No file Bachelorarbeit.lot.
\tf@lot=\write7
\openout7 = `Bachelorarbeit.lot'.

[69

] [70

] [71


] [72

]
Anhang A.
Package acronym Info: Label `acro:ECM' overridden on input line 1247.

Package acronym Warning: Acronym `ECM' is not defined on input line 1247.


Package acronym Warning: Acronym `ECM' is not defined on input line 1247.


Package acronym Warning: Acronym `LCA' is not defined on input line 1247.

[73

] [74]
Anhang B.

! Package pdfpages Error: Cannot find file `doc/papercalculator.pdf'.

See the pdfpages package documentation for explanation.
Type  H <return>  for immediate help.
 ...                                              
                                                  
l.1269 ...epdf[pages={-}]{doc/papercalculator.pdf}
                                                  
? 

! Package pdfpages Error: Cannot find file `-'.

See the pdfpages package documentation for explanation.
Type  H <return>  for immediate help.
 ...                                              
                                                  
l.1269 ...epdf[pages={-}]{doc/papercalculator.pdf}
                                                  
? 
! Undefined control sequence.
\AM@expand@range ...M@i \relax \@tempcntb =\AM@ii 
                                                  \relax \ifnum \@tempcnta <...
l.1269 ...epdf[pages={-}]{doc/papercalculator.pdf}
                                                  
? 
! Missing number, treated as zero.
<to be read again> 
                   \relax 
l.1269 ...epdf[pages={-}]{doc/papercalculator.pdf}
                                                  
? 
! Undefined control sequence.
\AM@checkpagenumber #1->\ifnum #1>\AM@pagecount 
                                                \relax \ifthenelse {\boolean...
l.1269 ...epdf[pages={-}]{doc/papercalculator.pdf}
                                                  
? 
! Missing number, treated as zero.
<to be read again> 
                   \relax 
l.1269 ...epdf[pages={-}]{doc/papercalculator.pdf}
                                                  
? 

! Package pdfpages Error: Page 1 of `\AM@currentdocname ' does not exist.

See the pdfpages package documentation for explanation.
Type  H <return>  for immediate help.
 ...                                              
                                                  
l.1269 ...epdf[pages={-}]{doc/papercalculator.pdf}
                                                  
? 
! Undefined control sequence.
\AM@checkpagenumber #1->\ifnum #1>\AM@pagecount 
                                                \relax \ifthenelse {\boolean...
l.1269 ...epdf[pages={-}]{doc/papercalculator.pdf}
                                                  
? 
! Missing number, treated as zero.
<to be read again> 
                   \relax 
l.1269 ...epdf[pages={-}]{doc/papercalculator.pdf}
                                                  
? 
! Missing endcsname inserted.
<to be read again> 
                   AM@currentdocname 
l.1269 ...epdf[pages={-}]{doc/papercalculator.pdf}
                                                  
? 
! Use of ??? doesn't match its definition.
<argument> ???  
                ! LaTeX3 Error: AM@currentdocname invalid in file name. Lost: .
l.1269 ...epdf[pages={-}]{doc/papercalculator.pdf}
                                                  
? 
! Missing endcsname inserted.
<to be read again> 
                   AM@currentdocname 
l.1269 ...epdf[pages={-}]{doc/papercalculator.pdf}
                                                  
? 
! Use of ??? doesn't match its definition.
<argument> ???  
                ! LaTeX3 Error: AM@currentdocname invalid in file name. Lost: .
l.1269 ...epdf[pages={-}]{doc/papercalculator.pdf}
                                                  
? 
! Missing endcsname inserted.
<to be read again> 
                   AM@currentdocname 
l.1269 ...epdf[pages={-}]{doc/papercalculator.pdf}
                                                  
? 
! Use of ??? doesn't match its definition.
<argument> ???  
                ! LaTeX3 Error: AM@currentdocname invalid in file name. Lost: .
l.1269 ...epdf[pages={-}]{doc/papercalculator.pdf}
                                                  
? 

! LaTeX Error: File `\AM@currentdocname ' not found.

See the LaTeX manual or LaTeX Companion for explanation.
Type  H <return>  for immediate help.
 ...                                              
                                                  
l.1269 ...epdf[pages={-}]{doc/papercalculator.pdf}
                                                  
? 
! Arithmetic overflow.
<recently read> \calc@Acount 
                             
l.1269 ...epdf[pages={-}]{doc/papercalculator.pdf}
                                                  
? 
! Arithmetic overflow.
<recently read> \calc@Acount 
                             
l.1269 ...epdf[pages={-}]{doc/papercalculator.pdf}
                                                  
? 
! Missing endcsname inserted.
<to be read again> 
                   AM@currentdocname 
l.1269 ...epdf[pages={-}]{doc/papercalculator.pdf}
                                                  
? 
! Use of ??? doesn't match its definition.
<argument> ???  
                ! LaTeX3 Error: AM@currentdocname invalid in file name. Lost: .
l.1269 ...epdf[pages={-}]{doc/papercalculator.pdf}
                                                  
? 
! Missing endcsname inserted.
<to be read again> 
                   AM@currentdocname 
l.1269 ...epdf[pages={-}]{doc/papercalculator.pdf}
                                                  
? 
! Use of ??? doesn't match its definition.
<argument> ???  
                ! LaTeX3 Error: AM@currentdocname invalid in file name. Lost: .
l.1269 ...epdf[pages={-}]{doc/papercalculator.pdf}
                                                  
? 
! Missing endcsname inserted.
<to be read again> 
                   AM@currentdocname 
l.1269 ...epdf[pages={-}]{doc/papercalculator.pdf}
                                                  
? 
! Use of ??? doesn't match its definition.
<argument> ???  
                ! LaTeX3 Error: AM@currentdocname invalid in file name. Lost: .
l.1269 ...epdf[pages={-}]{doc/papercalculator.pdf}
                                                  
? 

! LaTeX Error: File `\AM@currentdocname ' not found.

See the LaTeX manual or LaTeX Companion for explanation.
Type  H <return>  for immediate help.
 ...                                              
                                                  
l.1269 ...epdf[pages={-}]{doc/papercalculator.pdf}
                                                  
? 
[75


]
! Missing endcsname inserted.
<to be read again> 
                   AM@currentdocname 
l.1269 ...epdf[pages={-}]{doc/papercalculator.pdf}
                                                  
? 
! Use of ??? doesn't match its definition.
<argument> ???  
                ! LaTeX3 Error: AM@currentdocname invalid in file name. Lost: .
l.1269 ...epdf[pages={-}]{doc/papercalculator.pdf}
                                                  
? 
! Missing endcsname inserted.
<to be read again> 
                   AM@currentdocname 
l.1269 ...epdf[pages={-}]{doc/papercalculator.pdf}
                                                  
? 
! Use of ??? doesn't match its definition.
<argument> ???  
                ! LaTeX3 Error: AM@currentdocname invalid in file name. Lost: .
l.1269 ...epdf[pages={-}]{doc/papercalculator.pdf}
                                                  
? 
! Missing endcsname inserted.
<to be read again> 
                   AM@currentdocname 
l.1269 ...epdf[pages={-}]{doc/papercalculator.pdf}
                                                  
? 
! Emergency stop.
<to be read again> 
                   AM@currentdocname 
l.1269 ...epdf[pages={-}]{doc/papercalculator.pdf}
                                                  
End of file on the terminal!

 
Here is how much of TeX's memory you used:
 15376 strings out of 478268
 251746 string characters out of 5846348
 546249 words of memory out of 5000000
 33057 multiletter control sequences out of 15000+600000
 546438 words of font info for 77 fonts, out of 8000000 for 9000
 1141 hyphenation exceptions out of 8191
 70i,12n,77p,2033b,595s stack positions out of 10000i,1000n,20000p,200000b,200000s
!  ==> Fatal error occurred, no output PDF file produced!
