\BOOKMARK [0][-]{chapter.1}{\376\377\000E\000i\000n\000l\000e\000i\000t\000u\000n\000g}{}% 1
\BOOKMARK [1][-]{section.1.1}{\376\377\000M\000o\000t\000i\000v\000a\000t\000i\000o\000n}{chapter.1}% 2
\BOOKMARK [1][-]{section.1.2}{\376\377\000Z\000i\000e\000l\000e}{chapter.1}% 3
\BOOKMARK [0][-]{chapter.2}{\376\377\000M\000e\000t\000h\000o\000d\000e}{}% 4
\BOOKMARK [1][-]{section.2.1}{\376\377\000G\000r\000u\000n\000d\000l\000e\000g\000e\000n\000d\000e\000s\000\040\000V\000o\000r\000g\000e\000h\000e\000n}{chapter.2}% 5
\BOOKMARK [1][-]{section.2.2}{\376\377\000D\000e\000f\000i\000n\000i\000t\000i\000o\000n\000e\000n}{chapter.2}% 6
\BOOKMARK [2][-]{subsection.2.2.1}{\376\377\000L\000i\000f\000e\000\040\000C\000y\000c\000l\000e\000\040\000A\000s\000s\000e\000s\000s\000m\000e\000n\000t}{section.2.2}% 7
\BOOKMARK [2][-]{subsection.2.2.2}{\376\377\000R\000e\000c\000o\000r\000d}{section.2.2}% 8
\BOOKMARK [2][-]{subsection.2.2.3}{\376\377\000R\000e\000c\000o\000r\000d\000s\000\040\000M\000a\000n\000a\000g\000e\000m\000e\000n\000t}{section.2.2}% 9
\BOOKMARK [2][-]{subsection.2.2.4}{\376\377\000P\000h\000y\000s\000i\000s\000c\000h\000\040\000u\000n\000d\000\040\000D\000i\000g\000i\000t\000a\000l}{section.2.2}% 10
\BOOKMARK [2][-]{subsection.2.2.5}{\376\377\000E\000n\000e\000r\000g\000i\000e\000b\000e\000d\000a\000r\000f}{section.2.2}% 11
\BOOKMARK [2][-]{subsection.2.2.6}{\376\377\000R\000a\000u\000m\000b\000e\000d\000a\000r\000f}{section.2.2}% 12
\BOOKMARK [2][-]{subsection.2.2.7}{\376\377\000A\0004\000\040\000\304\000q\000u\000i\000v\000a\000l\000e\000n\000z\000\040\000E\000i\000n\000h\000e\000i\000t}{section.2.2}% 13
\BOOKMARK [0][-]{chapter.3}{\376\377\000R\000e\000c\000o\000r\000d\000s\000\040\000M\000a\000n\000a\000g\000e\000m\000e\000n\000t}{}% 14
\BOOKMARK [1][-]{section.3.1}{\376\377\000U\000n\000t\000e\000r\000n\000e\000h\000m\000e\000n\000s\000k\000o\000n\000t\000e\000x\000t}{chapter.3}% 15
\BOOKMARK [1][-]{section.3.2}{\376\377\000A\000b\000g\000r\000e\000n\000z\000u\000n\000g\000\040\000z\000u\000\040\000v\000e\000r\000w\000a\000n\000d\000t\000e\000n\000\040\000G\000e\000b\000i\000e\000t\000e\000n}{chapter.3}% 16
\BOOKMARK [1][-]{section.3.3}{\376\377\000K\000e\000r\000n\000p\000r\000i\000n\000z\000i\000p\000i\000e\000n\000\040\000u\000n\000d\000\040\000-\000K\000o\000n\000z\000e\000p\000t\000e}{chapter.3}% 17
\BOOKMARK [2][-]{subsection.3.3.1}{\376\377\000P\000r\000o\000v\000e\000n\000i\000e\000n\000z\000\040\000P\000r\000i\000n\000z\000i\000p}{section.3.3}% 18
\BOOKMARK [2][-]{subsection.3.3.2}{\376\377\000L\000e\000b\000e\000n\000s\000z\000y\000k\000l\000u\000s\000\040\000K\000o\000n\000z\000e\000p\000t}{section.3.3}% 19
\BOOKMARK [2][-]{subsection.3.3.3}{\376\377\000D\000o\000s\000s\000i\000e\000r\000\040\000P\000r\000i\000n\000z\000i\000p}{section.3.3}% 20
\BOOKMARK [2][-]{subsection.3.3.4}{\376\377\000D\000a\000t\000e\000n\000-\000\040\000u\000n\000d\000\040\000U\000n\000t\000e\000r\000l\000a\000g\000e\000n\000-\000R\000e\000c\000o\000r\000d\000s}{section.3.3}% 21
\BOOKMARK [1][-]{section.3.4}{\376\377\000P\000h\000y\000s\000i\000s\000c\000h\000e\000s\000\040\000R\000e\000o\000c\000r\000d\000s\000\040\000M\000a\000n\000a\000g\000e\000m\000e\000n\000t}{chapter.3}% 22
\BOOKMARK [1][-]{section.3.5}{\376\377\000D\000i\000g\000i\000t\000a\000l\000e\000s\000\040\000R\000e\000c\000o\000r\000d\000s\000\040\000M\000a\000n\000a\000g\000e\000m\000e\000n\000t}{chapter.3}% 23
\BOOKMARK [0][-]{chapter.4}{\376\377\000M\000o\000d\000e\000l\000l\000s\000y\000s\000t\000e\000m}{}% 24
\BOOKMARK [1][-]{section.4.1}{\376\377\000M\000o\000d\000e\000l\000l\000u\000n\000t\000e\000r\000n\000e\000h\000m\000e\000n}{chapter.4}% 25
\BOOKMARK [2][-]{subsection.4.1.1}{\376\377\000G\000r\000u\000n\000d\000l\000e\000g\000e\000n\000d\000e\000\040\000A\000n\000n\000a\000h\000m\000e\000n}{section.4.1}% 26
\BOOKMARK [2][-]{subsection.4.1.2}{\376\377\000D\000i\000g\000i\000t\000a\000l\000i\000s\000i\000e\000r\000u\000n\000g\000s\000p\000r\000o\000g\000r\000a\000m\000m}{section.4.1}% 27
\BOOKMARK [1][-]{section.4.2}{\376\377\000M\000o\000d\000e\000l\000l\000s\000y\000s\000t\000e\000m\000\040\000p\000h\000y\000s\000i\000s\000c\000h}{chapter.4}% 28
\BOOKMARK [1][-]{section.4.3}{\376\377\000M\000o\000d\000e\000l\000l\000s\000y\000s\000t\000e\000m\000\040\000d\000i\000g\000i\000t\000a\000l}{chapter.4}% 29
\BOOKMARK [1][-]{section.4.4}{\376\377\000Z\000u\000s\000a\000m\000m\000e\000n\000f\000a\000s\000s\000u\000n\000g\000\040\000d\000e\000r\000\040\000A\000n\000n\000a\000h\000m\000e\000n}{chapter.4}% 30
\BOOKMARK [0][-]{chapter.5}{\376\377\000S\000c\000h\000\344\000t\000z\000u\000n\000g\000\040\000E\000n\000e\000r\000g\000i\000e\000b\000e\000d\000a\000r\000f}{}% 31
\BOOKMARK [1][-]{section.5.1}{\376\377\000P\000h\000y\000s\000i\000s\000c\000h\000e\000s\000\040\000R\000e\000c\000o\000r\000d\000s\000\040\000M\000a\000n\000a\000g\000e\000m\000e\000n\000t}{chapter.5}% 32
\BOOKMARK [2][-]{subsection.5.1.1}{\376\377\000E\000n\000e\000r\000g\000i\000e\000b\000e\000d\000a\000r\000f\000\040\000G\000e\000b\000\344\000u\000d\000e\000h\000\374\000l\000l\000e}{section.5.1}% 33
\BOOKMARK [2][-]{subsection.5.1.2}{\376\377\000E\000n\000e\000r\000g\000i\000e\000b\000e\000d\000a\000r\000f\000\040\000B\000e\000l\000\374\000f\000t\000u\000n\000g}{section.5.1}% 34
\BOOKMARK [2][-]{subsection.5.1.3}{\376\377\000E\000n\000e\000r\000g\000i\000e\000b\000e\000d\000a\000r\000f\000\040\000B\000e\000l\000e\000u\000c\000h\000t\000u\000n\000g}{section.5.1}% 35
\BOOKMARK [2][-]{subsection.5.1.4}{\376\377\000E\000n\000e\000r\000g\000i\000e\000b\000e\000d\000a\000r\000f\000\040\000P\000a\000p\000i\000e\000r\000p\000r\000o\000d\000u\000k\000t\000i\000o\000n}{section.5.1}% 36
\BOOKMARK [2][-]{subsection.5.1.5}{\376\377\000E\000n\000e\000r\000g\000i\000e\000b\000e\000d\000a\000r\000f\000\040\000T\000r\000a\000n\000s\000p\000o\000r\000t}{section.5.1}% 37
\BOOKMARK [1][-]{section.5.2}{\376\377\000D\000i\000g\000i\000t\000a\000l\000e\000s\000\040\000R\000e\000c\000o\000r\000d\000s\000\040\000M\000a\000n\000a\000g\000e\000m\000e\000n\000t}{chapter.5}% 38
\BOOKMARK [2][-]{subsection.5.2.1}{\376\377\000E\000n\000e\000r\000g\000i\000e\000b\000e\000d\000a\000r\000f\000\040\000G\000e\000b\000\344\000u\000d\000e\000h\000\374\000l\000l\000e}{section.5.2}% 39
\BOOKMARK [2][-]{subsection.5.2.2}{\376\377\000E\000n\000e\000r\000g\000i\000e\000b\000e\000d\000a\000r\000f\000\040\000B\000e\000l\000\374\000f\000t\000u\000n\000g}{section.5.2}% 40
\BOOKMARK [2][-]{subsection.5.2.3}{\376\377\000E\000n\000e\000r\000g\000i\000e\000b\000e\000d\000a\000r\000f\000\040\000D\000M\000S}{section.5.2}% 41
\BOOKMARK [2][-]{subsection.5.2.4}{\376\377\000E\000n\000e\000r\000g\000i\000e\000b\000e\000d\000a\000r\000f\000\040\000B\000a\000c\000k\000u\000p}{section.5.2}% 42
\BOOKMARK [0][-]{chapter.6}{\376\377\000S\000c\000h\000\344\000t\000z\000u\000n\000g\000\040\000R\000a\000u\000m\000b\000e\000d\000a\000r\000f}{}% 43
\BOOKMARK [1][-]{section.6.1}{\376\377\000P\000h\000y\000s\000i\000s\000c\000h\000e\000s\000\040\000R\000e\000c\000o\000r\000d\000s\000\040\000M\000a\000n\000a\000g\000e\000m\000e\000n\000t}{chapter.6}% 44
\BOOKMARK [1][-]{section.6.2}{\376\377\000D\000i\000g\000i\000t\000a\000l\000e\000s\000\040\000R\000e\000c\000o\000r\000d\000s\000\040\000M\000a\000n\000a\000g\000e\000m\000e\000n\000t}{chapter.6}% 45
\BOOKMARK [0][-]{chapter.7}{\376\377\000R\000e\000s\000u\000l\000t\000a\000t\000e\000\040\000u\000n\000d\000\040\000V\000e\000r\000g\000l\000e\000i\000c\000h}{}% 46
\BOOKMARK [1][-]{section.7.1}{\376\377\000R\000e\000s\000u\000l\000t\000a\000t\000e\000\040\000E\000n\000e\000r\000g\000i\000e\000b\000e\000d\000a\000r\000f}{chapter.7}% 47
\BOOKMARK [1][-]{section.7.2}{\376\377\000R\000e\000s\000u\000l\000t\000a\000t\000e\000\040\000R\000a\000u\000m\000b\000e\000d\000a\000r\000f}{chapter.7}% 48
\BOOKMARK [1][-]{section.7.3}{\376\377\000V\000e\000r\000g\000l\000e\000i\000c\000h}{chapter.7}% 49
\BOOKMARK [2][-]{subsection.7.3.1}{\376\377\000S\000z\000e\000n\000a\000r\000i\000o\000\040\0001\000:\000\040\000K\000e\000i\000n\000e\000\040\000D\000i\000g\000i\000t\000a\000l\000i\000s\000i\000e\000r\000u\000n\000g}{section.7.3}% 50
\BOOKMARK [2][-]{subsection.7.3.2}{\376\377\000S\000z\000e\000n\000a\000r\000i\000o\000\040\0002\000:\000\040\000D\000i\000g\000i\000t\000a\000l\000i\000s\000i\000e\000r\000u\000n\000g}{section.7.3}% 51
\BOOKMARK [2][-]{subsection.7.3.3}{\376\377\000S\000z\000e\000n\000a\000r\000i\000o\000\040\0003\000:\000\040\000N\000u\000r\000\040\000D\000i\000g\000i\000t\000a\000l}{section.7.3}% 52
\BOOKMARK [2][-]{subsection.7.3.4}{\376\377\000V\000e\000r\000g\000l\000e\000i\000c\000h\000\040\000d\000e\000r\000\040\000S\000z\000e\000n\000a\000r\000i\000e\000n}{section.7.3}% 53
\BOOKMARK [0][-]{chapter.8}{\376\377\000D\000i\000s\000k\000u\000s\000s\000i\000o\000n}{}% 54
\BOOKMARK [0][-]{chapter.9}{\376\377\000S\000c\000h\000l\000u\000s\000s\000f\000o\000l\000g\000e\000r\000u\000n\000g}{}% 55
\BOOKMARK [0][-]{section*.63}{\376\377\000A\000b\000k\000\374\000r\000z\000u\000n\000g\000e\000n}{}% 56
\BOOKMARK [0][-]{section*.65}{\376\377\000L\000i\000t\000e\000r\000a\000t\000u\000r\000v\000e\000r\000z\000e\000i\000c\000h\000n\000i\000s}{}% 57
\BOOKMARK [0][-]{section*.66}{\376\377\000A\000b\000b\000i\000l\000d\000u\000n\000g\000s\000v\000e\000r\000z\000e\000i\000c\000h\000n\000i\000s}{}% 58
\BOOKMARK [0][-]{section*.68}{\376\377\000T\000a\000b\000e\000l\000l\000e\000n\000v\000e\000r\000z\000e\000i\000c\000h\000n\000i\000s}{}% 59
\BOOKMARK [0][-]{section*.70}{\376\377\000A\000n\000h\000\344\000n\000g\000e}{}% 60
\BOOKMARK [0][-]{appendix.a.A}{\376\377\000G\000a\000r\000t\000n\000e\000r\000\040\000M\000a\000g\000i\000c\000\040\000Q\000u\000a\000d\000r\000a\000n\000t\000\040\000E\000C\000M\000\040\0002\0000\0001\0005}{}% 61
\BOOKMARK [0][-]{appendix.a.B}{\376\377\000P\000a\000p\000e\000r\000\040\000C\000a\000l\000c\000u\000l\000a\000t\000o\000r}{}% 62
